[ 2017-12-06T10:17:19+08:00 ] 192.168.33.1 /index.php?m=Home&c=Index&a=index
INFO: [ app_init ] --START--
INFO: Run Behavior\BuildLiteBehavior [ RunTime:0.000009s ]
INFO: [ app_init ] --END-- [ RunTime:0.001445s ]
INFO: [ app_begin ] --START--
INFO: Run Behavior\ReadHtmlCacheBehavior [ RunTime:0.002513s ]
INFO: [ app_begin ] --END-- [ RunTime:0.002547s ]
INFO: [ view_parse ] --START--
INFO: Run Behavior\ParseTemplateBehavior [ RunTime:0.002852s ]
INFO: [ view_parse ] --END-- [ RunTime:0.002890s ]
INFO: [ view_filter ] --START--
INFO: Run Behavior\WriteHtmlCacheBehavior [ RunTime:0.002877s ]
INFO: [ view_filter ] --END-- [ RunTime:0.002900s ]
INFO: [ app_end ] --START--
INFO: Run Behavior\ShowPageTraceBehavior [ RunTime:0.002186s ]
INFO: [ app_end ] --END-- [ RunTime:0.002212s ]

[ 2017-12-06T10:17:33+08:00 ] 192.168.33.1 /index.php?m=Home&c=Index&a=index
INFO: [ app_init ] --START--
INFO: Run Behavior\BuildLiteBehavior [ RunTime:0.000008s ]
INFO: [ app_init ] --END-- [ RunTime:0.001220s ]
INFO: [ app_begin ] --START--
INFO: Run Behavior\ReadHtmlCacheBehavior [ RunTime:0.001585s ]
INFO: [ app_begin ] --END-- [ RunTime:0.001604s ]
ERR: Call to undefined function Home\Controller\test()

[ 2017-12-06T10:18:36+08:00 ] 192.168.33.1 /index.php?m=Home&c=Index&a=index
INFO: [ app_init ] --START--
INFO: Run Behavior\BuildLiteBehavior [ RunTime:0.000007s ]
INFO: [ app_init ] --END-- [ RunTime:0.001202s ]
INFO: [ app_begin ] --START--
INFO: Run Behavior\ReadHtmlCacheBehavior [ RunTime:0.001600s ]
INFO: [ app_begin ] --END-- [ RunTime:0.001631s ]
ERR: Call to undefined function Home\Controller\test()

[ 2017-12-06T10:18:37+08:00 ] 192.168.33.1 /index.php?m=Home&c=Index&a=index
INFO: [ app_init ] --START--
INFO: Run Behavior\BuildLiteBehavior [ RunTime:0.000010s ]
INFO: [ app_init ] --END-- [ RunTime:0.001321s ]
INFO: [ app_begin ] --START--
INFO: Run Behavior\ReadHtmlCacheBehavior [ RunTime:0.001524s ]
INFO: [ app_begin ] --END-- [ RunTime:0.001541s ]
ERR: Call to undefined function Home\Controller\test()

[ 2017-12-06T10:18:37+08:00 ] 192.168.33.1 /index.php?m=Home&c=Index&a=index
INFO: [ app_init ] --START--
INFO: Run Behavior\BuildLiteBehavior [ RunTime:0.000022s ]
INFO: [ app_init ] --END-- [ RunTime:0.002981s ]
INFO: [ app_begin ] --START--
INFO: Run Behavior\ReadHtmlCacheBehavior [ RunTime:0.004133s ]
INFO: [ app_begin ] --END-- [ RunTime:0.004204s ]
ERR: Call to undefined function Home\Controller\test()

[ 2017-12-06T10:18:49+08:00 ] 192.168.33.1 /index.php?m=Home&c=Index&a=index
INFO: [ app_init ] --START--
INFO: Run Behavior\BuildLiteBehavior [ RunTime:0.000007s ]
INFO: [ app_init ] --END-- [ RunTime:0.000933s ]
INFO: [ app_begin ] --START--
INFO: Run Behavior\ReadHtmlCacheBehavior [ RunTime:0.001323s ]
INFO: [ app_begin ] --END-- [ RunTime:0.001342s ]
ERR: Call to undefined function Home\Controller\test()

[ 2017-12-06T10:19:03+08:00 ] 192.168.33.1 /index.php?m=Home&c=Index&a=index
INFO: [ app_init ] --START--
INFO: Run Behavior\BuildLiteBehavior [ RunTime:0.000007s ]
INFO: [ app_init ] --END-- [ RunTime:0.001064s ]
INFO: [ app_begin ] --START--
INFO: Run Behavior\ReadHtmlCacheBehavior [ RunTime:0.002178s ]
INFO: [ app_begin ] --END-- [ RunTime:0.002216s ]
ERR: Call to undefined function Home\Controller\test()

[ 2017-12-06T10:19:03+08:00 ] 192.168.33.1 /index.php?m=Home&c=Index&a=index
INFO: [ app_init ] --START--
INFO: Run Behavior\BuildLiteBehavior [ RunTime:0.000010s ]
INFO: [ app_init ] --END-- [ RunTime:0.001067s ]
INFO: [ app_begin ] --START--
INFO: Run Behavior\ReadHtmlCacheBehavior [ RunTime:0.001778s ]
INFO: [ app_begin ] --END-- [ RunTime:0.001809s ]
ERR: Call to undefined function Home\Controller\test()

[ 2017-12-06T10:21:55+08:00 ] 192.168.33.1 /index.php?m=Home&c=Index&a=index
INFO: [ app_init ] --START--
INFO: Run Behavior\BuildLiteBehavior [ RunTime:0.000008s ]
INFO: [ app_init ] --END-- [ RunTime:0.001306s ]
INFO: [ app_begin ] --START--
INFO: Run Behavior\ReadHtmlCacheBehavior [ RunTime:0.002890s ]
INFO: [ app_begin ] --END-- [ RunTime:0.002922s ]
ERR: Call to undefined function Home\Controller\test()

[ 2017-12-06T10:21:56+08:00 ] 192.168.33.1 /index.php?m=Home&c=Index&a=index
INFO: [ app_init ] --START--
INFO: Run Behavior\BuildLiteBehavior [ RunTime:0.000007s ]
INFO: [ app_init ] --END-- [ RunTime:0.001145s ]
INFO: [ app_begin ] --START--
INFO: Run Behavior\ReadHtmlCacheBehavior [ RunTime:0.002269s ]
INFO: [ app_begin ] --END-- [ RunTime:0.002296s ]
ERR: Call to undefined function Home\Controller\test()

[ 2017-12-06T10:21:56+08:00 ] 192.168.33.1 /index.php?m=Home&c=Index&a=index
INFO: [ app_init ] --START--
INFO: Run Behavior\BuildLiteBehavior [ RunTime:0.000009s ]
INFO: [ app_init ] --END-- [ RunTime:0.001869s ]
INFO: [ app_begin ] --START--
INFO: Run Behavior\ReadHtmlCacheBehavior [ RunTime:0.001708s ]
INFO: [ app_begin ] --END-- [ RunTime:0.001728s ]
ERR: Call to undefined function Home\Controller\test()

[ 2017-12-06T10:21:56+08:00 ] 192.168.33.1 /index.php?m=Home&c=Index&a=index
INFO: [ app_init ] --START--
INFO: Run Behavior\BuildLiteBehavior [ RunTime:0.000009s ]
INFO: [ app_init ] --END-- [ RunTime:0.001074s ]
INFO: [ app_begin ] --START--
INFO: Run Behavior\ReadHtmlCacheBehavior [ RunTime:0.001822s ]
INFO: [ app_begin ] --END-- [ RunTime:0.001850s ]
ERR: Call to undefined function Home\Controller\test()

[ 2017-12-06T10:22:40+08:00 ] 192.168.33.1 /index.php?m=Home&c=Index&a=index
INFO: [ app_init ] --START--
INFO: Run Behavior\BuildLiteBehavior [ RunTime:0.000007s ]
INFO: [ app_init ] --END-- [ RunTime:0.000894s ]
INFO: [ app_begin ] --START--
INFO: Run Behavior\ReadHtmlCacheBehavior [ RunTime:0.001213s ]
INFO: [ app_begin ] --END-- [ RunTime:0.001231s ]
INFO: [ view_parse ] --START--
INFO: Run Behavior\ParseTemplateBehavior [ RunTime:0.001822s ]
INFO: [ view_parse ] --END-- [ RunTime:0.001841s ]
INFO: [ view_filter ] --START--
INFO: Run Behavior\WriteHtmlCacheBehavior [ RunTime:0.000919s ]
INFO: [ view_filter ] --END-- [ RunTime:0.000930s ]
INFO: [ app_end ] --START--
INFO: Run Behavior\ShowPageTraceBehavior [ RunTime:0.002173s ]
INFO: [ app_end ] --END-- [ RunTime:0.002197s ]

[ 2017-12-06T10:26:04+08:00 ] 192.168.33.1 /index.php?m=Home&c=Index&a=index
INFO: [ app_init ] --START--
INFO: Run Behavior\BuildLiteBehavior [ RunTime:0.000007s ]
INFO: [ app_init ] --END-- [ RunTime:0.000942s ]
INFO: [ app_begin ] --START--
INFO: Run Behavior\ReadHtmlCacheBehavior [ RunTime:0.001145s ]
INFO: [ app_begin ] --END-- [ RunTime:0.001175s ]
INFO: [ view_parse ] --START--
INFO: Run Behavior\ParseTemplateBehavior [ RunTime:0.001930s ]
INFO: [ view_parse ] --END-- [ RunTime:0.001957s ]
INFO: [ view_filter ] --START--
INFO: Run Behavior\WriteHtmlCacheBehavior [ RunTime:0.001263s ]
INFO: [ view_filter ] --END-- [ RunTime:0.001286s ]
INFO: [ app_end ] --START--
INFO: Run Behavior\ShowPageTraceBehavior [ RunTime:0.002327s ]
INFO: [ app_end ] --END-- [ RunTime:0.002344s ]

[ 2017-12-06T10:28:30+08:00 ] 192.168.33.1 /index.php?m=Home&c=Index&a=index
INFO: [ app_init ] --START--
INFO: Run Behavior\BuildLiteBehavior [ RunTime:0.000008s ]
INFO: [ app_init ] --END-- [ RunTime:0.001105s ]
INFO: [ app_begin ] --START--
INFO: Run Behavior\ReadHtmlCacheBehavior [ RunTime:0.001698s ]
INFO: [ app_begin ] --END-- [ RunTime:0.001726s ]
ERR: Call to undefined function Library\Cache\get_obj_instance()

[ 2017-12-06T10:28:32+08:00 ] 192.168.33.1 /index.php?m=Home&c=Index&a=index
INFO: [ app_init ] --START--
INFO: Run Behavior\BuildLiteBehavior [ RunTime:0.000013s ]
INFO: [ app_init ] --END-- [ RunTime:0.001383s ]
INFO: [ app_begin ] --START--
INFO: Run Behavior\ReadHtmlCacheBehavior [ RunTime:0.001531s ]
INFO: [ app_begin ] --END-- [ RunTime:0.001563s ]
ERR: Call to undefined function Library\Cache\get_obj_instance()

[ 2017-12-06T10:28:50+08:00 ] 192.168.33.1 /index.php?m=Home&c=Index&a=index
INFO: [ app_init ] --START--
INFO: Run Behavior\BuildLiteBehavior [ RunTime:0.000009s ]
INFO: [ app_init ] --END-- [ RunTime:0.001553s ]
INFO: [ app_begin ] --START--
INFO: Run Behavior\ReadHtmlCacheBehavior [ RunTime:0.002006s ]
INFO: [ app_begin ] --END-- [ RunTime:0.002033s ]
ERR: Call to undefined function Library\Cache\get_obj_instance()

[ 2017-12-06T10:38:41+08:00 ] 192.168.33.1 /index.php?m=Home&c=Index&a=index
INFO: [ app_init ] --START--
INFO: Run Behavior\BuildLiteBehavior [ RunTime:0.000008s ]
INFO: [ app_init ] --END-- [ RunTime:0.001417s ]
INFO: [ app_begin ] --START--
INFO: Run Behavior\ReadHtmlCacheBehavior [ RunTime:0.002192s ]
INFO: [ app_begin ] --END-- [ RunTime:0.002236s ]
NOTIC: [2] function_exists() expects exactly 1 parameter, 2 given /var/www/Application/Common/Common/functions.php 第 11 行.
INFO: [ view_parse ] --START--
INFO: Run Behavior\ParseTemplateBehavior [ RunTime:0.002281s ]
INFO: [ view_parse ] --END-- [ RunTime:0.002302s ]
INFO: [ view_filter ] --START--
INFO: Run Behavior\WriteHtmlCacheBehavior [ RunTime:0.001348s ]
INFO: [ view_filter ] --END-- [ RunTime:0.001361s ]
INFO: [ app_end ] --START--
INFO: Run Behavior\ShowPageTraceBehavior [ RunTime:0.001624s ]
INFO: [ app_end ] --END-- [ RunTime:0.001651s ]

[ 2017-12-06T10:41:03+08:00 ] 192.168.33.1 /index.php?m=Home&c=Index&a=index
INFO: [ app_init ] --START--
INFO: Run Behavior\BuildLiteBehavior [ RunTime:0.000007s ]
INFO: [ app_init ] --END-- [ RunTime:0.001387s ]
INFO: [ app_begin ] --START--
INFO: Run Behavior\ReadHtmlCacheBehavior [ RunTime:0.001927s ]
INFO: [ app_begin ] --END-- [ RunTime:0.001961s ]
NOTIC: [2] function_exists() expects exactly 1 parameter, 2 given /var/www/Application/Common/Common/functions.php 第 21 行.
INFO: [ view_parse ] --START--
INFO: Run Behavior\ParseTemplateBehavior [ RunTime:0.002778s ]
INFO: [ view_parse ] --END-- [ RunTime:0.002807s ]
INFO: [ view_filter ] --START--
INFO: Run Behavior\WriteHtmlCacheBehavior [ RunTime:0.001379s ]
INFO: [ view_filter ] --END-- [ RunTime:0.001397s ]
INFO: [ app_end ] --START--
INFO: Run Behavior\ShowPageTraceBehavior [ RunTime:0.001710s ]
INFO: [ app_end ] --END-- [ RunTime:0.001728s ]

[ 2017-12-06T10:41:44+08:00 ] 192.168.33.1 /index.php?m=Home&c=Index&a=index
INFO: [ app_init ] --START--
INFO: Run Behavior\BuildLiteBehavior [ RunTime:0.000008s ]
INFO: [ app_init ] --END-- [ RunTime:0.001609s ]
INFO: [ app_begin ] --START--
INFO: Run Behavior\ReadHtmlCacheBehavior [ RunTime:0.002191s ]
INFO: [ app_begin ] --END-- [ RunTime:0.002227s ]
NOTIC: [2] function_exists() expects exactly 1 parameter, 2 given /var/www/Application/Common/Common/functions.php 第 21 行.
ERR: Call to undefined method Library\Cache\Cache::set()

[ 2017-12-06T10:42:02+08:00 ] 192.168.33.1 /index.php?m=Home&c=Index&a=index
INFO: [ app_init ] --START--
INFO: Run Behavior\BuildLiteBehavior [ RunTime:0.000012s ]
INFO: [ app_init ] --END-- [ RunTime:0.001749s ]
INFO: [ app_begin ] --START--
INFO: Run Behavior\ReadHtmlCacheBehavior [ RunTime:0.001932s ]
INFO: [ app_begin ] --END-- [ RunTime:0.001961s ]
NOTIC: [2] function_exists() expects exactly 1 parameter, 2 given /var/www/Application/Common/Common/functions.php 第 21 行.

[ 2017-12-06T10:43:10+08:00 ] 192.168.33.1 /index.php?m=Home&c=Index&a=index
INFO: [ app_init ] --START--
INFO: Run Behavior\BuildLiteBehavior [ RunTime:0.000007s ]
INFO: [ app_init ] --END-- [ RunTime:0.001715s ]
INFO: [ app_begin ] --START--
INFO: Run Behavior\ReadHtmlCacheBehavior [ RunTime:0.001754s ]
INFO: [ app_begin ] --END-- [ RunTime:0.001787s ]

[ 2017-12-06T10:43:18+08:00 ] 192.168.33.1 /index.php?m=Home&c=Index&a=index
INFO: [ app_init ] --START--
INFO: Run Behavior\BuildLiteBehavior [ RunTime:0.000008s ]
INFO: [ app_init ] --END-- [ RunTime:0.000990s ]
INFO: [ app_begin ] --START--
INFO: Run Behavior\ReadHtmlCacheBehavior [ RunTime:0.001357s ]
INFO: [ app_begin ] --END-- [ RunTime:0.001387s ]

[ 2017-12-06T10:43:19+08:00 ] 192.168.33.1 /index.php?m=Home&c=Index&a=index
INFO: [ app_init ] --START--
INFO: Run Behavior\BuildLiteBehavior [ RunTime:0.000008s ]
INFO: [ app_init ] --END-- [ RunTime:0.001417s ]
INFO: [ app_begin ] --START--
INFO: Run Behavior\ReadHtmlCacheBehavior [ RunTime:0.001231s ]
INFO: [ app_begin ] --END-- [ RunTime:0.001250s ]

[ 2017-12-06T10:43:31+08:00 ] 192.168.33.1 /index.php?m=Home&c=Index&a=index
INFO: [ app_init ] --START--
INFO: Run Behavior\BuildLiteBehavior [ RunTime:0.000008s ]
INFO: [ app_init ] --END-- [ RunTime:0.000807s ]
INFO: [ app_begin ] --START--
INFO: Run Behavior\ReadHtmlCacheBehavior [ RunTime:0.001113s ]
INFO: [ app_begin ] --END-- [ RunTime:0.001131s ]
NOTIC: [2] function_exists() expects exactly 1 parameter, 2 given /var/www/Application/Common/Common/functions.php 第 21 行.

[ 2017-12-06T10:43:40+08:00 ] 192.168.33.1 /index.php?m=Home&c=Index&a=index
INFO: [ app_init ] --START--
INFO: Run Behavior\BuildLiteBehavior [ RunTime:0.000009s ]
INFO: [ app_init ] --END-- [ RunTime:0.001035s ]
INFO: [ app_begin ] --START--
INFO: Run Behavior\ReadHtmlCacheBehavior [ RunTime:0.001717s ]
INFO: [ app_begin ] --END-- [ RunTime:0.001741s ]
NOTIC: [2] function_exists() expects exactly 1 parameter, 2 given /var/www/Application/Common/Common/functions.php 第 21 行.

[ 2017-12-06T10:43:40+08:00 ] 192.168.33.1 /index.php?m=Home&c=Index&a=index
INFO: [ app_init ] --START--
INFO: Run Behavior\BuildLiteBehavior [ RunTime:0.000000s ]
INFO: [ app_init ] --END-- [ RunTime:0.001211s ]
INFO: [ app_begin ] --START--
INFO: Run Behavior\ReadHtmlCacheBehavior [ RunTime:0.002466s ]
INFO: [ app_begin ] --END-- [ RunTime:0.002507s ]
NOTIC: [2] function_exists() expects exactly 1 parameter, 2 given /var/www/Application/Common/Common/functions.php 第 21 行.

[ 2017-12-06T10:44:02+08:00 ] 192.168.33.1 /index.php?m=Home&c=Index&a=index
INFO: [ app_init ] --START--
INFO: Run Behavior\BuildLiteBehavior [ RunTime:0.000012s ]
INFO: [ app_init ] --END-- [ RunTime:0.001271s ]
INFO: [ app_begin ] --START--
INFO: Run Behavior\ReadHtmlCacheBehavior [ RunTime:0.001669s ]
INFO: [ app_begin ] --END-- [ RunTime:0.001711s ]

[ 2017-12-06T10:44:03+08:00 ] 192.168.33.1 /index.php?m=Home&c=Index&a=index
INFO: [ app_init ] --START--
INFO: Run Behavior\BuildLiteBehavior [ RunTime:0.000008s ]
INFO: [ app_init ] --END-- [ RunTime:0.000866s ]
INFO: [ app_begin ] --START--
INFO: Run Behavior\ReadHtmlCacheBehavior [ RunTime:0.001602s ]
INFO: [ app_begin ] --END-- [ RunTime:0.001639s ]

[ 2017-12-06T10:44:11+08:00 ] 192.168.33.1 /index.php?m=Home&c=Index&a=index
INFO: [ app_init ] --START--
INFO: Run Behavior\BuildLiteBehavior [ RunTime:0.000008s ]
INFO: [ app_init ] --END-- [ RunTime:0.001105s ]
INFO: [ app_begin ] --START--
INFO: Run Behavior\ReadHtmlCacheBehavior [ RunTime:0.001442s ]
INFO: [ app_begin ] --END-- [ RunTime:0.001464s ]

[ 2017-12-06T10:44:20+08:00 ] 192.168.33.1 /index.php?m=Home&c=Index&a=index
INFO: [ app_init ] --START--
INFO: Run Behavior\BuildLiteBehavior [ RunTime:0.000004s ]
INFO: [ app_init ] --END-- [ RunTime:0.001381s ]
INFO: [ app_begin ] --START--
INFO: Run Behavior\ReadHtmlCacheBehavior [ RunTime:0.000973s ]
INFO: [ app_begin ] --END-- [ RunTime:0.000980s ]
NOTIC: [2] function_exists() expects exactly 1 parameter, 2 given /var/www/Application/Common/Common/functions.php 第 22 行.

[ 2017-12-06T10:44:28+08:00 ] 192.168.33.1 /index.php?m=Home&c=Index&a=index
INFO: [ app_init ] --START--
INFO: Run Behavior\BuildLiteBehavior [ RunTime:0.000008s ]
INFO: [ app_init ] --END-- [ RunTime:0.000968s ]
INFO: [ app_begin ] --START--
INFO: Run Behavior\ReadHtmlCacheBehavior [ RunTime:0.001832s ]
INFO: [ app_begin ] --END-- [ RunTime:0.001867s ]
NOTIC: [2] function_exists() expects exactly 1 parameter, 2 given /var/www/Application/Common/Common/functions.php 第 22 行.

[ 2017-12-06T10:44:29+08:00 ] 192.168.33.1 /index.php?m=Home&c=Index&a=index
INFO: [ app_init ] --START--
INFO: Run Behavior\BuildLiteBehavior [ RunTime:0.000009s ]
INFO: [ app_init ] --END-- [ RunTime:0.001165s ]
INFO: [ app_begin ] --START--
INFO: Run Behavior\ReadHtmlCacheBehavior [ RunTime:0.001696s ]
INFO: [ app_begin ] --END-- [ RunTime:0.001718s ]
NOTIC: [2] function_exists() expects exactly 1 parameter, 2 given /var/www/Application/Common/Common/functions.php 第 22 行.

[ 2017-12-06T10:44:33+08:00 ] 192.168.33.1 /index.php?m=Home&c=Index&a=index
INFO: [ app_init ] --START--
INFO: Run Behavior\BuildLiteBehavior [ RunTime:0.000003s ]
INFO: [ app_init ] --END-- [ RunTime:0.000900s ]
INFO: [ app_begin ] --START--
INFO: Run Behavior\ReadHtmlCacheBehavior [ RunTime:0.001415s ]
INFO: [ app_begin ] --END-- [ RunTime:0.001454s ]
NOTIC: [2] function_exists() expects exactly 1 parameter, 2 given /var/www/Application/Common/Common/functions.php 第 22 行.

[ 2017-12-06T10:44:33+08:00 ] 192.168.33.1 /index.php?m=Home&c=Index&a=index
INFO: [ app_init ] --START--
INFO: Run Behavior\BuildLiteBehavior [ RunTime:0.000007s ]
INFO: [ app_init ] --END-- [ RunTime:0.000768s ]
INFO: [ app_begin ] --START--
INFO: Run Behavior\ReadHtmlCacheBehavior [ RunTime:0.001146s ]
INFO: [ app_begin ] --END-- [ RunTime:0.001169s ]
NOTIC: [2] function_exists() expects exactly 1 parameter, 2 given /var/www/Application/Common/Common/functions.php 第 22 行.

[ 2017-12-06T10:44:49+08:00 ] 192.168.33.1 /index.php?m=Home&c=Index&a=index
INFO: [ app_init ] --START--
INFO: Run Behavior\BuildLiteBehavior [ RunTime:0.000007s ]
INFO: [ app_init ] --END-- [ RunTime:0.000952s ]
INFO: [ app_begin ] --START--
INFO: Run Behavior\ReadHtmlCacheBehavior [ RunTime:0.001632s ]
INFO: [ app_begin ] --END-- [ RunTime:0.001658s ]
NOTIC: [2] function_exists() expects exactly 1 parameter, 2 given /var/www/Application/Common/Common/functions.php 第 22 行.

[ 2017-12-06T10:44:55+08:00 ] 192.168.33.1 /index.php?m=Home&c=Index&a=index
INFO: [ app_init ] --START--
INFO: Run Behavior\BuildLiteBehavior [ RunTime:0.000008s ]
INFO: [ app_init ] --END-- [ RunTime:0.000949s ]
INFO: [ app_begin ] --START--
INFO: Run Behavior\ReadHtmlCacheBehavior [ RunTime:0.001285s ]
INFO: [ app_begin ] --END-- [ RunTime:0.001306s ]
NOTIC: [2] function_exists() expects exactly 1 parameter, 2 given /var/www/Application/Common/Common/functions.php 第 22 行.

[ 2017-12-06T10:44:55+08:00 ] 192.168.33.1 /index.php?m=Home&c=Index&a=index
INFO: [ app_init ] --START--
INFO: Run Behavior\BuildLiteBehavior [ RunTime:0.000007s ]
INFO: [ app_init ] --END-- [ RunTime:0.000920s ]
INFO: [ app_begin ] --START--
INFO: Run Behavior\ReadHtmlCacheBehavior [ RunTime:0.001287s ]
INFO: [ app_begin ] --END-- [ RunTime:0.001311s ]
NOTIC: [2] function_exists() expects exactly 1 parameter, 2 given /var/www/Application/Common/Common/functions.php 第 22 行.

[ 2017-12-06T10:45:16+08:00 ] 192.168.33.1 /index.php?m=Home&c=Index&a=index
INFO: [ app_init ] --START--
INFO: Run Behavior\BuildLiteBehavior [ RunTime:0.000007s ]
INFO: [ app_init ] --END-- [ RunTime:0.000988s ]
INFO: [ app_begin ] --START--
INFO: Run Behavior\ReadHtmlCacheBehavior [ RunTime:0.001298s ]
INFO: [ app_begin ] --END-- [ RunTime:0.001319s ]

[ 2017-12-06T10:45:17+08:00 ] 192.168.33.1 /index.php?m=Home&c=Index&a=index
INFO: [ app_init ] --START--
INFO: Run Behavior\BuildLiteBehavior [ RunTime:0.000012s ]
INFO: [ app_init ] --END-- [ RunTime:0.001812s ]
INFO: [ app_begin ] --START--
INFO: Run Behavior\ReadHtmlCacheBehavior [ RunTime:0.001066s ]
INFO: [ app_begin ] --END-- [ RunTime:0.001102s ]

[ 2017-12-06T10:45:32+08:00 ] 192.168.33.1 /index.php?m=Home&c=Index&a=index
INFO: [ app_init ] --START--
INFO: Run Behavior\BuildLiteBehavior [ RunTime:0.000007s ]
INFO: [ app_init ] --END-- [ RunTime:0.001057s ]
INFO: [ app_begin ] --START--
INFO: Run Behavior\ReadHtmlCacheBehavior [ RunTime:0.001572s ]
INFO: [ app_begin ] --END-- [ RunTime:0.001590s ]

[ 2017-12-06T10:45:36+08:00 ] 192.168.33.1 /index.php?m=Home&c=Index&a=index
INFO: [ app_init ] --START--
INFO: Run Behavior\BuildLiteBehavior [ RunTime:0.000007s ]
INFO: [ app_init ] --END-- [ RunTime:0.000897s ]
INFO: [ app_begin ] --START--
INFO: Run Behavior\ReadHtmlCacheBehavior [ RunTime:0.001363s ]
INFO: [ app_begin ] --END-- [ RunTime:0.001370s ]

[ 2017-12-06T10:45:41+08:00 ] 192.168.33.1 /index.php?m=Home&c=Index&a=index
INFO: [ app_init ] --START--
INFO: Run Behavior\BuildLiteBehavior [ RunTime:0.000008s ]
INFO: [ app_init ] --END-- [ RunTime:0.000945s ]
INFO: [ app_begin ] --START--
INFO: Run Behavior\ReadHtmlCacheBehavior [ RunTime:0.001527s ]
INFO: [ app_begin ] --END-- [ RunTime:0.001561s ]

[ 2017-12-06T10:45:41+08:00 ] 192.168.33.1 /index.php?m=Home&c=Index&a=index
INFO: [ app_init ] --START--
INFO: Run Behavior\BuildLiteBehavior [ RunTime:0.000009s ]
INFO: [ app_init ] --END-- [ RunTime:0.000897s ]
INFO: [ app_begin ] --START--
INFO: Run Behavior\ReadHtmlCacheBehavior [ RunTime:0.000986s ]
INFO: [ app_begin ] --END-- [ RunTime:0.001019s ]

[ 2017-12-06T10:45:49+08:00 ] 192.168.33.1 /index.php?m=Home&c=Index&a=index
INFO: [ app_init ] --START--
INFO: Run Behavior\BuildLiteBehavior [ RunTime:0.000007s ]
INFO: [ app_init ] --END-- [ RunTime:0.000660s ]
INFO: [ app_begin ] --START--
INFO: Run Behavior\ReadHtmlCacheBehavior [ RunTime:0.000825s ]
INFO: [ app_begin ] --END-- [ RunTime:0.000846s ]

[ 2017-12-06T10:45:49+08:00 ] 192.168.33.1 /index.php?m=Home&c=Index&a=index
INFO: [ app_init ] --START--
INFO: Run Behavior\BuildLiteBehavior [ RunTime:0.000008s ]
INFO: [ app_init ] --END-- [ RunTime:0.001301s ]
INFO: [ app_begin ] --START--
INFO: Run Behavior\ReadHtmlCacheBehavior [ RunTime:0.001898s ]
INFO: [ app_begin ] --END-- [ RunTime:0.001935s ]

[ 2017-12-06T10:46:01+08:00 ] 192.168.33.1 /index.php?m=Home&c=Index&a=index
INFO: [ app_init ] --START--
INFO: Run Behavior\BuildLiteBehavior [ RunTime:0.000007s ]
INFO: [ app_init ] --END-- [ RunTime:0.000759s ]
INFO: [ app_begin ] --START--
INFO: Run Behavior\ReadHtmlCacheBehavior [ RunTime:0.000950s ]
INFO: [ app_begin ] --END-- [ RunTime:0.000970s ]
NOTIC: [2] function_exists() expects exactly 1 parameter, 2 given /var/www/Application/Common/Common/functions.php 第 22 行.

[ 2017-12-06T10:46:01+08:00 ] 192.168.33.1 /index.php?m=Home&c=Index&a=index
INFO: [ app_init ] --START--
INFO: Run Behavior\BuildLiteBehavior [ RunTime:0.000008s ]
INFO: [ app_init ] --END-- [ RunTime:0.000844s ]
INFO: [ app_begin ] --START--
INFO: Run Behavior\ReadHtmlCacheBehavior [ RunTime:0.001367s ]
INFO: [ app_begin ] --END-- [ RunTime:0.001405s ]
NOTIC: [2] function_exists() expects exactly 1 parameter, 2 given /var/www/Application/Common/Common/functions.php 第 22 行.

[ 2017-12-06T10:47:39+08:00 ] 192.168.33.1 /index.php?m=Home&c=Index&a=index
INFO: [ app_init ] --START--
INFO: Run Behavior\BuildLiteBehavior [ RunTime:0.000007s ]
INFO: [ app_init ] --END-- [ RunTime:0.001220s ]
INFO: [ app_begin ] --START--
INFO: Run Behavior\ReadHtmlCacheBehavior [ RunTime:0.002407s ]
INFO: [ app_begin ] --END-- [ RunTime:0.002438s ]
NOTIC: [2] function_exists() expects exactly 1 parameter, 2 given /var/www/Application/Common/Common/functions.php 第 22 行.

[ 2017-12-06T10:47:40+08:00 ] 192.168.33.1 /index.php?m=Home&c=Index&a=index
INFO: [ app_init ] --START--
INFO: Run Behavior\BuildLiteBehavior [ RunTime:0.000010s ]
INFO: [ app_init ] --END-- [ RunTime:0.001927s ]
INFO: [ app_begin ] --START--
INFO: Run Behavior\ReadHtmlCacheBehavior [ RunTime:0.001574s ]
INFO: [ app_begin ] --END-- [ RunTime:0.001616s ]
NOTIC: [2] function_exists() expects exactly 1 parameter, 2 given /var/www/Application/Common/Common/functions.php 第 22 行.

[ 2017-12-06T10:47:40+08:00 ] 192.168.33.1 /index.php?m=Home&c=Index&a=index
INFO: [ app_init ] --START--
INFO: Run Behavior\BuildLiteBehavior [ RunTime:0.000007s ]
INFO: [ app_init ] --END-- [ RunTime:0.001491s ]
INFO: [ app_begin ] --START--
INFO: Run Behavior\ReadHtmlCacheBehavior [ RunTime:0.001599s ]
INFO: [ app_begin ] --END-- [ RunTime:0.001609s ]
NOTIC: [2] function_exists() expects exactly 1 parameter, 2 given /var/www/Application/Common/Common/functions.php 第 22 行.

[ 2017-12-06T10:47:40+08:00 ] 192.168.33.1 /index.php?m=Home&c=Index&a=index
INFO: [ app_init ] --START--
INFO: Run Behavior\BuildLiteBehavior [ RunTime:0.000007s ]
INFO: [ app_init ] --END-- [ RunTime:0.000956s ]
INFO: [ app_begin ] --START--
INFO: Run Behavior\ReadHtmlCacheBehavior [ RunTime:0.001342s ]
INFO: [ app_begin ] --END-- [ RunTime:0.001360s ]
NOTIC: [2] function_exists() expects exactly 1 parameter, 2 given /var/www/Application/Common/Common/functions.php 第 22 行.

[ 2017-12-06T10:47:40+08:00 ] 192.168.33.1 /index.php?m=Home&c=Index&a=index
INFO: [ app_init ] --START--
INFO: Run Behavior\BuildLiteBehavior [ RunTime:0.000007s ]
INFO: [ app_init ] --END-- [ RunTime:0.000953s ]
INFO: [ app_begin ] --START--
INFO: Run Behavior\ReadHtmlCacheBehavior [ RunTime:0.002709s ]
INFO: [ app_begin ] --END-- [ RunTime:0.002729s ]
NOTIC: [2] function_exists() expects exactly 1 parameter, 2 given /var/www/Application/Common/Common/functions.php 第 22 行.

[ 2017-12-06T10:48:56+08:00 ] 192.168.33.1 /index.php?m=Home&c=Index&a=index
INFO: [ app_init ] --START--
INFO: Run Behavior\BuildLiteBehavior [ RunTime:0.000010s ]
INFO: [ app_init ] --END-- [ RunTime:0.001460s ]
INFO: [ app_begin ] --START--
INFO: Run Behavior\ReadHtmlCacheBehavior [ RunTime:0.001336s ]
INFO: [ app_begin ] --END-- [ RunTime:0.001362s ]
NOTIC: [2] function_exists() expects exactly 1 parameter, 2 given /var/www/Application/Common/Common/functions.php 第 22 行.

[ 2017-12-06T10:48:56+08:00 ] 192.168.33.1 /index.php?m=Home&c=Index&a=index
INFO: [ app_init ] --START--
INFO: Run Behavior\BuildLiteBehavior [ RunTime:0.000007s ]
INFO: [ app_init ] --END-- [ RunTime:0.000759s ]
INFO: [ app_begin ] --START--
INFO: Run Behavior\ReadHtmlCacheBehavior [ RunTime:0.001128s ]
INFO: [ app_begin ] --END-- [ RunTime:0.001154s ]
NOTIC: [2] function_exists() expects exactly 1 parameter, 2 given /var/www/Application/Common/Common/functions.php 第 22 行.

[ 2017-12-06T10:48:56+08:00 ] 192.168.33.1 /index.php?m=Home&c=Index&a=index
INFO: [ app_init ] --START--
INFO: Run Behavior\BuildLiteBehavior [ RunTime:0.000007s ]
INFO: [ app_init ] --END-- [ RunTime:0.001054s ]
INFO: [ app_begin ] --START--
INFO: Run Behavior\ReadHtmlCacheBehavior [ RunTime:0.001509s ]
INFO: [ app_begin ] --END-- [ RunTime:0.001525s ]
NOTIC: [2] function_exists() expects exactly 1 parameter, 2 given /var/www/Application/Common/Common/functions.php 第 22 行.

[ 2017-12-06T10:49:32+08:00 ] 192.168.33.1 /index.php?m=Home&c=Index&a=index
INFO: [ app_init ] --START--
INFO: Run Behavior\BuildLiteBehavior [ RunTime:0.000007s ]
INFO: [ app_init ] --END-- [ RunTime:0.000787s ]
INFO: [ app_begin ] --START--
INFO: Run Behavior\ReadHtmlCacheBehavior [ RunTime:0.001237s ]
INFO: [ app_begin ] --END-- [ RunTime:0.001271s ]
NOTIC: [2] function_exists() expects exactly 1 parameter, 2 given /var/www/Application/Common/Common/functions.php 第 22 行.

[ 2017-12-06T10:49:33+08:00 ] 192.168.33.1 /index.php?m=Home&c=Index&a=index
INFO: [ app_init ] --START--
INFO: Run Behavior\BuildLiteBehavior [ RunTime:0.000008s ]
INFO: [ app_init ] --END-- [ RunTime:0.000860s ]
INFO: [ app_begin ] --START--
INFO: Run Behavior\ReadHtmlCacheBehavior [ RunTime:0.001847s ]
INFO: [ app_begin ] --END-- [ RunTime:0.001877s ]
NOTIC: [2] function_exists() expects exactly 1 parameter, 2 given /var/www/Application/Common/Common/functions.php 第 22 行.

[ 2017-12-06T10:49:33+08:00 ] 192.168.33.1 /index.php?m=Home&c=Index&a=index
INFO: [ app_init ] --START--
INFO: Run Behavior\BuildLiteBehavior [ RunTime:0.000007s ]
INFO: [ app_init ] --END-- [ RunTime:0.000934s ]
INFO: [ app_begin ] --START--
INFO: Run Behavior\ReadHtmlCacheBehavior [ RunTime:0.001465s ]
INFO: [ app_begin ] --END-- [ RunTime:0.001497s ]
NOTIC: [2] function_exists() expects exactly 1 parameter, 2 given /var/www/Application/Common/Common/functions.php 第 22 行.

[ 2017-12-06T10:49:47+08:00 ] 192.168.33.1 /index.php?m=Home&c=Index&a=index
INFO: [ app_init ] --START--
INFO: Run Behavior\BuildLiteBehavior [ RunTime:0.000000s ]
INFO: [ app_init ] --END-- [ RunTime:0.001831s ]
INFO: [ app_begin ] --START--
INFO: Run Behavior\ReadHtmlCacheBehavior [ RunTime:0.001926s ]
INFO: [ app_begin ] --END-- [ RunTime:0.001958s ]
NOTIC: [2] function_exists() expects exactly 1 parameter, 2 given /var/www/Application/Common/Common/functions.php 第 22 行.

[ 2017-12-06T10:49:48+08:00 ] 192.168.33.1 /index.php?m=Home&c=Index&a=index
INFO: [ app_init ] --START--
INFO: Run Behavior\BuildLiteBehavior [ RunTime:0.000009s ]
INFO: [ app_init ] --END-- [ RunTime:0.001616s ]
INFO: [ app_begin ] --START--
INFO: Run Behavior\ReadHtmlCacheBehavior [ RunTime:0.002422s ]
INFO: [ app_begin ] --END-- [ RunTime:0.002467s ]
NOTIC: [2] function_exists() expects exactly 1 parameter, 2 given /var/www/Application/Common/Common/functions.php 第 22 行.

[ 2017-12-06T10:50:13+08:00 ] 192.168.33.1 /index.php?m=Home&c=Index&a=index
INFO: [ app_init ] --START--
INFO: Run Behavior\BuildLiteBehavior [ RunTime:0.000010s ]
INFO: [ app_init ] --END-- [ RunTime:0.002037s ]
INFO: [ app_begin ] --START--
INFO: Run Behavior\ReadHtmlCacheBehavior [ RunTime:0.001619s ]
INFO: [ app_begin ] --END-- [ RunTime:0.001633s ]
NOTIC: [8] Undefined index: prefix /var/www/Application/Library/Cache/CacheRedis.class.php 第 31 行.

[ 2017-12-06T10:50:30+08:00 ] 192.168.33.1 /index.php?m=Home&c=Index&a=index
INFO: [ app_init ] --START--
INFO: Run Behavior\BuildLiteBehavior [ RunTime:0.000009s ]
INFO: [ app_init ] --END-- [ RunTime:0.000833s ]
INFO: [ app_begin ] --START--
INFO: Run Behavior\ReadHtmlCacheBehavior [ RunTime:0.001226s ]
INFO: [ app_begin ] --END-- [ RunTime:0.001256s ]
NOTIC: [8] Undefined index: prefix /var/www/Application/Library/Cache/CacheRedis.class.php 第 31 行.
NOTIC: [8] Undefined index: master /var/www/Application/Library/Cache/CacheRedis.class.php 第 48 行.
NOTIC: [8] Undefined index: pconnect /var/www/Application/Library/Cache/CacheRedis.class.php 第 53 行.
NOTIC: [8] Undefined index: master /var/www/Application/Library/Cache/CacheRedis.class.php 第 55 行.
NOTIC: [8] Undefined index: master /var/www/Application/Library/Cache/CacheRedis.class.php 第 55 行.
NOTIC: [2] Redis::connect(): php_network_getaddresses: getaddrinfo failed: No address associated with hostname /var/www/Application/Library/Cache/CacheRedis.class.php 第 55 行.
NOTIC: [2] Redis::connect(): connect() failed: php_network_getaddresses: getaddrinfo failed: No address associated with hostname /var/www/Application/Library/Cache/CacheRedis.class.php 第 55 行.
NOTIC: [2] Redis::connect(): connect() failed: Connection refused /var/www/Application/Library/Cache/CacheRedis.class.php 第 74 行.
INFO: [ view_parse ] --START--
INFO: Run Behavior\ParseTemplateBehavior [ RunTime:0.005539s ]
INFO: [ view_parse ] --END-- [ RunTime:0.005586s ]
INFO: [ view_filter ] --START--
INFO: Run Behavior\WriteHtmlCacheBehavior [ RunTime:0.003766s ]
INFO: [ view_filter ] --END-- [ RunTime:0.003809s ]
INFO: [ app_end ] --START--
INFO: Run Behavior\ShowPageTraceBehavior [ RunTime:0.006652s ]
INFO: [ app_end ] --END-- [ RunTime:0.006703s ]

[ 2017-12-06T10:50:44+08:00 ] 192.168.33.1 /index.php?m=Home&c=Index&a=index
INFO: [ app_init ] --START--
INFO: Run Behavior\BuildLiteBehavior [ RunTime:0.000007s ]
INFO: [ app_init ] --END-- [ RunTime:0.000774s ]
INFO: [ app_begin ] --START--
INFO: Run Behavior\ReadHtmlCacheBehavior [ RunTime:0.001475s ]
INFO: [ app_begin ] --END-- [ RunTime:0.001515s ]
NOTIC: [8] Undefined index: prefix /var/www/Application/Library/Cache/CacheRedis.class.php 第 31 行.
NOTIC: [8] Undefined index: master /var/www/Application/Library/Cache/CacheRedis.class.php 第 48 行.
NOTIC: [8] Undefined index: pconnect /var/www/Application/Library/Cache/CacheRedis.class.php 第 53 行.
NOTIC: [8] Undefined index: master /var/www/Application/Library/Cache/CacheRedis.class.php 第 55 行.
NOTIC: [8] Undefined index: master /var/www/Application/Library/Cache/CacheRedis.class.php 第 55 行.
NOTIC: [2] Redis::connect(): php_network_getaddresses: getaddrinfo failed: No address associated with hostname /var/www/Application/Library/Cache/CacheRedis.class.php 第 55 行.
NOTIC: [2] Redis::connect(): connect() failed: php_network_getaddresses: getaddrinfo failed: No address associated with hostname /var/www/Application/Library/Cache/CacheRedis.class.php 第 55 行.
NOTIC: [2] Redis::connect(): connect() failed: Connection refused /var/www/Application/Library/Cache/CacheRedis.class.php 第 74 行.
INFO: [ view_parse ] --START--
INFO: Run Behavior\ParseTemplateBehavior [ RunTime:0.010251s ]
INFO: [ view_parse ] --END-- [ RunTime:0.010361s ]
INFO: [ view_filter ] --START--
INFO: Run Behavior\WriteHtmlCacheBehavior [ RunTime:0.009404s ]
INFO: [ view_filter ] --END-- [ RunTime:0.009527s ]
INFO: [ app_end ] --START--
INFO: Run Behavior\ShowPageTraceBehavior [ RunTime:0.008555s ]
INFO: [ app_end ] --END-- [ RunTime:0.008661s ]

[ 2017-12-06T10:52:37+08:00 ] 192.168.33.1 /index.php?m=Home&c=Index&a=index
INFO: [ app_init ] --START--
INFO: Run Behavior\BuildLiteBehavior [ RunTime:0.000009s ]
INFO: [ app_init ] --END-- [ RunTime:0.001586s ]
INFO: [ app_begin ] --START--
INFO: Run Behavior\ReadHtmlCacheBehavior [ RunTime:0.002312s ]
INFO: [ app_begin ] --END-- [ RunTime:0.002338s ]
NOTIC: [8] Undefined index: prefix /var/www/Application/Library/Cache/CacheRedis.class.php 第 31 行.
NOTIC: [8] Undefined index: master /var/www/Application/Library/Cache/CacheRedis.class.php 第 48 行.
NOTIC: [8] Undefined index: pconnect /var/www/Application/Library/Cache/CacheRedis.class.php 第 53 行.
NOTIC: [8] Undefined index: master /var/www/Application/Library/Cache/CacheRedis.class.php 第 55 行.
NOTIC: [8] Undefined index: master /var/www/Application/Library/Cache/CacheRedis.class.php 第 55 行.
NOTIC: [2] Redis::connect(): php_network_getaddresses: getaddrinfo failed: No address associated with hostname /var/www/Application/Library/Cache/CacheRedis.class.php 第 55 行.
NOTIC: [2] Redis::connect(): connect() failed: php_network_getaddresses: getaddrinfo failed: No address associated with hostname /var/www/Application/Library/Cache/CacheRedis.class.php 第 55 行.
NOTIC: [2] Redis::connect(): connect() failed: Connection refused /var/www/Application/Library/Cache/CacheRedis.class.php 第 74 行.
INFO: [ view_parse ] --START--
INFO: Run Behavior\ParseTemplateBehavior [ RunTime:0.010688s ]
INFO: [ view_parse ] --END-- [ RunTime:0.010867s ]
INFO: [ view_filter ] --START--
INFO: Run Behavior\WriteHtmlCacheBehavior [ RunTime:0.008270s ]
INFO: [ view_filter ] --END-- [ RunTime:0.008352s ]
INFO: [ app_end ] --START--
INFO: Run Behavior\ShowPageTraceBehavior [ RunTime:0.007363s ]
INFO: [ app_end ] --END-- [ RunTime:0.007531s ]

[ 2017-12-06T10:53:33+08:00 ] 192.168.33.1 /index.php?m=Home&c=Index&a=index
INFO: [ app_init ] --START--
INFO: Run Behavior\BuildLiteBehavior [ RunTime:0.000008s ]
INFO: [ app_init ] --END-- [ RunTime:0.002183s ]
INFO: [ app_begin ] --START--
INFO: Run Behavior\ReadHtmlCacheBehavior [ RunTime:0.002279s ]
INFO: [ app_begin ] --END-- [ RunTime:0.002307s ]
NOTIC: [8] Undefined index: prefix /var/www/Application/Library/Cache/CacheRedis.class.php 第 31 行.
NOTIC: [8] Undefined index: master /var/www/Application/Library/Cache/CacheRedis.class.php 第 48 行.
NOTIC: [8] Undefined index: pconnect /var/www/Application/Library/Cache/CacheRedis.class.php 第 53 行.
NOTIC: [8] Undefined index: master /var/www/Application/Library/Cache/CacheRedis.class.php 第 55 行.
NOTIC: [8] Undefined index: master /var/www/Application/Library/Cache/CacheRedis.class.php 第 55 行.
NOTIC: [2] Redis::connect(): php_network_getaddresses: getaddrinfo failed: No address associated with hostname /var/www/Application/Library/Cache/CacheRedis.class.php 第 55 行.
NOTIC: [2] Redis::connect(): connect() failed: php_network_getaddresses: getaddrinfo failed: No address associated with hostname /var/www/Application/Library/Cache/CacheRedis.class.php 第 55 行.
NOTIC: [2] Redis::connect(): connect() failed: Connection refused /var/www/Application/Library/Cache/CacheRedis.class.php 第 74 行.
INFO: [ view_parse ] --START--
INFO: Run Behavior\ParseTemplateBehavior [ RunTime:0.002723s ]
INFO: [ view_parse ] --END-- [ RunTime:0.002745s ]
INFO: [ view_filter ] --START--
INFO: Run Behavior\WriteHtmlCacheBehavior [ RunTime:0.001320s ]
INFO: [ view_filter ] --END-- [ RunTime:0.001333s ]
INFO: [ app_end ] --START--
INFO: Run Behavior\ShowPageTraceBehavior [ RunTime:0.001487s ]
INFO: [ app_end ] --END-- [ RunTime:0.001502s ]

[ 2017-12-06T10:54:43+08:00 ] 192.168.33.1 /index.php?m=Home&c=Index&a=index
INFO: [ app_init ] --START--
INFO: Run Behavior\BuildLiteBehavior [ RunTime:0.000008s ]
INFO: [ app_init ] --END-- [ RunTime:0.001834s ]
INFO: [ app_begin ] --START--
INFO: Run Behavior\ReadHtmlCacheBehavior [ RunTime:0.001570s ]
INFO: [ app_begin ] --END-- [ RunTime:0.001601s ]
NOTIC: [8] Undefined index: prefix /var/www/Application/Library/Cache/CacheRedis.class.php 第 31 行.

[ 2017-12-06T10:54:57+08:00 ] 192.168.33.1 /index.php?m=Home&c=Index&a=index
INFO: [ app_init ] --START--
INFO: Run Behavior\BuildLiteBehavior [ RunTime:0.000007s ]
INFO: [ app_init ] --END-- [ RunTime:0.001197s ]
INFO: [ app_begin ] --START--
INFO: Run Behavior\ReadHtmlCacheBehavior [ RunTime:0.002985s ]
INFO: [ app_begin ] --END-- [ RunTime:0.003024s ]
NOTIC: [8] Undefined index: prefix /var/www/Application/Library/Cache/CacheRedis.class.php 第 31 行.

[ 2017-12-06T10:55:58+08:00 ] 192.168.33.1 /index.php?m=Home&c=Index&a=index
INFO: [ app_init ] --START--
INFO: Run Behavior\BuildLiteBehavior [ RunTime:0.000009s ]
INFO: [ app_init ] --END-- [ RunTime:0.001726s ]
INFO: [ app_begin ] --START--
INFO: Run Behavior\ReadHtmlCacheBehavior [ RunTime:0.001996s ]
INFO: [ app_begin ] --END-- [ RunTime:0.002027s ]
NOTIC: [8] Undefined index: prefix /var/www/Application/Library/Cache/CacheRedis.class.php 第 31 行.
NOTIC: [8] Undefined index: master /var/www/Application/Library/Cache/CacheRedis.class.php 第 48 行.
NOTIC: [8] Undefined index: pconnect /var/www/Application/Library/Cache/CacheRedis.class.php 第 53 行.
NOTIC: [8] Undefined index: master /var/www/Application/Library/Cache/CacheRedis.class.php 第 55 行.
NOTIC: [8] Undefined index: master /var/www/Application/Library/Cache/CacheRedis.class.php 第 55 行.
NOTIC: [2] Redis::connect(): php_network_getaddresses: getaddrinfo failed: No address associated with hostname /var/www/Application/Library/Cache/CacheRedis.class.php 第 55 行.
NOTIC: [2] Redis::connect(): connect() failed: php_network_getaddresses: getaddrinfo failed: No address associated with hostname /var/www/Application/Library/Cache/CacheRedis.class.php 第 55 行.

[ 2017-12-06T10:56:18+08:00 ] 192.168.33.1 /index.php?m=Home&c=Index&a=index
INFO: [ app_init ] --START--
INFO: Run Behavior\BuildLiteBehavior [ RunTime:0.000011s ]
INFO: [ app_init ] --END-- [ RunTime:0.001814s ]
INFO: [ app_begin ] --START--
INFO: Run Behavior\ReadHtmlCacheBehavior [ RunTime:0.001400s ]
INFO: [ app_begin ] --END-- [ RunTime:0.001423s ]
NOTIC: [8] Undefined index: prefix /var/www/Application/Library/Cache/CacheRedis.class.php 第 31 行.
NOTIC: [8] Undefined index: master /var/www/Application/Library/Cache/CacheRedis.class.php 第 48 行.
NOTIC: [8] Undefined index: pconnect /var/www/Application/Library/Cache/CacheRedis.class.php 第 53 行.
NOTIC: [8] Undefined index: master /var/www/Application/Library/Cache/CacheRedis.class.php 第 55 行.
NOTIC: [8] Undefined index: master /var/www/Application/Library/Cache/CacheRedis.class.php 第 55 行.
NOTIC: [2] Redis::connect(): php_network_getaddresses: getaddrinfo failed: No address associated with hostname /var/www/Application/Library/Cache/CacheRedis.class.php 第 55 行.
NOTIC: [2] Redis::connect(): connect() failed: php_network_getaddresses: getaddrinfo failed: No address associated with hostname /var/www/Application/Library/Cache/CacheRedis.class.php 第 55 行.
NOTIC: [2] Redis::connect(): connect() failed: Connection refused /var/www/Application/Library/Cache/CacheRedis.class.php 第 75 行.

[ 2017-12-06T10:56:19+08:00 ] 192.168.33.1 /index.php?m=Home&c=Index&a=index
INFO: [ app_init ] --START--
INFO: Run Behavior\BuildLiteBehavior [ RunTime:0.000008s ]
INFO: [ app_init ] --END-- [ RunTime:0.001244s ]
INFO: [ app_begin ] --START--
INFO: Run Behavior\ReadHtmlCacheBehavior [ RunTime:0.001772s ]
INFO: [ app_begin ] --END-- [ RunTime:0.001811s ]
NOTIC: [8] Undefined index: prefix /var/www/Application/Library/Cache/CacheRedis.class.php 第 31 行.
NOTIC: [8] Undefined index: master /var/www/Application/Library/Cache/CacheRedis.class.php 第 48 行.
NOTIC: [8] Undefined index: pconnect /var/www/Application/Library/Cache/CacheRedis.class.php 第 53 行.
NOTIC: [8] Undefined index: master /var/www/Application/Library/Cache/CacheRedis.class.php 第 55 行.
NOTIC: [8] Undefined index: master /var/www/Application/Library/Cache/CacheRedis.class.php 第 55 行.
NOTIC: [2] Redis::connect(): php_network_getaddresses: getaddrinfo failed: No address associated with hostname /var/www/Application/Library/Cache/CacheRedis.class.php 第 55 行.
NOTIC: [2] Redis::connect(): connect() failed: php_network_getaddresses: getaddrinfo failed: No address associated with hostname /var/www/Application/Library/Cache/CacheRedis.class.php 第 55 行.
NOTIC: [2] Redis::connect(): connect() failed: Connection refused /var/www/Application/Library/Cache/CacheRedis.class.php 第 75 行.

[ 2017-12-06T10:56:27+08:00 ] 192.168.33.1 /index.php?m=Home&c=Index&a=index
INFO: [ app_init ] --START--
INFO: Run Behavior\BuildLiteBehavior [ RunTime:0.000007s ]
INFO: [ app_init ] --END-- [ RunTime:0.000914s ]
INFO: [ app_begin ] --START--
INFO: Run Behavior\ReadHtmlCacheBehavior [ RunTime:0.001391s ]
INFO: [ app_begin ] --END-- [ RunTime:0.001411s ]
NOTIC: [8] Undefined index: prefix /var/www/Application/Library/Cache/CacheRedis.class.php 第 31 行.
NOTIC: [8] Undefined index: master /var/www/Application/Library/Cache/CacheRedis.class.php 第 48 行.
NOTIC: [8] Undefined index: pconnect /var/www/Application/Library/Cache/CacheRedis.class.php 第 53 行.
NOTIC: [8] Undefined index: master /var/www/Application/Library/Cache/CacheRedis.class.php 第 55 行.
NOTIC: [8] Undefined index: master /var/www/Application/Library/Cache/CacheRedis.class.php 第 55 行.
NOTIC: [2] Redis::connect(): php_network_getaddresses: getaddrinfo failed: No address associated with hostname /var/www/Application/Library/Cache/CacheRedis.class.php 第 55 行.
NOTIC: [2] Redis::connect(): connect() failed: php_network_getaddresses: getaddrinfo failed: No address associated with hostname /var/www/Application/Library/Cache/CacheRedis.class.php 第 55 行.
NOTIC: [2] Redis::connect(): connect() failed: Connection refused /var/www/Application/Library/Cache/CacheRedis.class.php 第 75 行.
INFO: [ view_parse ] --START--
INFO: Run Behavior\ParseTemplateBehavior [ RunTime:0.002258s ]
INFO: [ view_parse ] --END-- [ RunTime:0.002280s ]
INFO: [ view_filter ] --START--
INFO: Run Behavior\WriteHtmlCacheBehavior [ RunTime:0.002019s ]
INFO: [ view_filter ] --END-- [ RunTime:0.002044s ]
INFO: [ app_end ] --START--
INFO: Run Behavior\ShowPageTraceBehavior [ RunTime:0.002365s ]
INFO: [ app_end ] --END-- [ RunTime:0.002392s ]

[ 2017-12-06T10:57:07+08:00 ] 192.168.33.1 /index.php?m=Home&c=Index&a=index
INFO: [ app_init ] --START--
INFO: Run Behavior\BuildLiteBehavior [ RunTime:0.000010s ]
INFO: [ app_init ] --END-- [ RunTime:0.001322s ]
INFO: [ app_begin ] --START--
INFO: Run Behavior\ReadHtmlCacheBehavior [ RunTime:0.001282s ]
INFO: [ app_begin ] --END-- [ RunTime:0.001310s ]
NOTIC: [8] Undefined index: prefix /var/www/Application/Library/Cache/CacheRedis.class.php 第 31 行.

[ 2017-12-06T10:57:08+08:00 ] 192.168.33.1 /index.php?m=Home&c=Index&a=index
INFO: [ app_init ] --START--
INFO: Run Behavior\BuildLiteBehavior [ RunTime:0.000007s ]
INFO: [ app_init ] --END-- [ RunTime:0.001186s ]
INFO: [ app_begin ] --START--
INFO: Run Behavior\ReadHtmlCacheBehavior [ RunTime:0.002089s ]
INFO: [ app_begin ] --END-- [ RunTime:0.002110s ]
NOTIC: [8] Undefined index: prefix /var/www/Application/Library/Cache/CacheRedis.class.php 第 31 行.

[ 2017-12-06T10:57:19+08:00 ] 192.168.33.1 /index.php?m=Home&c=Index&a=index
INFO: [ app_init ] --START--
INFO: Run Behavior\BuildLiteBehavior [ RunTime:0.000034s ]
INFO: [ app_init ] --END-- [ RunTime:0.001188s ]
INFO: [ app_begin ] --START--
INFO: Run Behavior\ReadHtmlCacheBehavior [ RunTime:0.001045s ]
INFO: [ app_begin ] --END-- [ RunTime:0.001070s ]
NOTIC: [8] Undefined index: prefix /var/www/Application/Library/Cache/CacheRedis.class.php 第 31 行.
NOTIC: [8] Undefined index: master /var/www/Application/Library/Cache/CacheRedis.class.php 第 48 行.
NOTIC: [8] Undefined index: pconnect /var/www/Application/Library/Cache/CacheRedis.class.php 第 53 行.
NOTIC: [8] Undefined index: master /var/www/Application/Library/Cache/CacheRedis.class.php 第 55 行.
NOTIC: [8] Undefined index: master /var/www/Application/Library/Cache/CacheRedis.class.php 第 55 行.
NOTIC: [2] Redis::connect(): php_network_getaddresses: getaddrinfo failed: No address associated with hostname /var/www/Application/Library/Cache/CacheRedis.class.php 第 55 行.
NOTIC: [2] Redis::connect(): connect() failed: php_network_getaddresses: getaddrinfo failed: No address associated with hostname /var/www/Application/Library/Cache/CacheRedis.class.php 第 55 行.

[ 2017-12-06T10:57:20+08:00 ] 192.168.33.1 /index.php?m=Home&c=Index&a=index
INFO: [ app_init ] --START--
INFO: Run Behavior\BuildLiteBehavior [ RunTime:0.000015s ]
INFO: [ app_init ] --END-- [ RunTime:0.001637s ]
INFO: [ app_begin ] --START--
INFO: Run Behavior\ReadHtmlCacheBehavior [ RunTime:0.001604s ]
INFO: [ app_begin ] --END-- [ RunTime:0.001646s ]
NOTIC: [8] Undefined index: prefix /var/www/Application/Library/Cache/CacheRedis.class.php 第 31 行.
NOTIC: [8] Undefined index: master /var/www/Application/Library/Cache/CacheRedis.class.php 第 48 行.
NOTIC: [8] Undefined index: pconnect /var/www/Application/Library/Cache/CacheRedis.class.php 第 53 行.
NOTIC: [8] Undefined index: master /var/www/Application/Library/Cache/CacheRedis.class.php 第 55 行.
NOTIC: [8] Undefined index: master /var/www/Application/Library/Cache/CacheRedis.class.php 第 55 行.
NOTIC: [2] Redis::connect(): php_network_getaddresses: getaddrinfo failed: No address associated with hostname /var/www/Application/Library/Cache/CacheRedis.class.php 第 55 行.
NOTIC: [2] Redis::connect(): connect() failed: php_network_getaddresses: getaddrinfo failed: No address associated with hostname /var/www/Application/Library/Cache/CacheRedis.class.php 第 55 行.

[ 2017-12-06T11:00:28+08:00 ] 192.168.33.1 /index.php?m=Home&c=Index&a=index
INFO: [ app_init ] --START--
INFO: Run Behavior\BuildLiteBehavior [ RunTime:0.000008s ]
INFO: [ app_init ] --END-- [ RunTime:0.001399s ]
INFO: [ app_begin ] --START--
INFO: Run Behavior\ReadHtmlCacheBehavior [ RunTime:0.001906s ]
INFO: [ app_begin ] --END-- [ RunTime:0.001939s ]
NOTIC: [8] Undefined index: prefix /var/www/Application/Library/Cache/CacheRedis.class.php 第 31 行.
NOTIC: [8] Undefined index: master /var/www/Application/Library/Cache/CacheRedis.class.php 第 48 行.
NOTIC: [8] Undefined index: pconnect /var/www/Application/Library/Cache/CacheRedis.class.php 第 53 行.
NOTIC: [8] Undefined index: master /var/www/Application/Library/Cache/CacheRedis.class.php 第 55 行.
NOTIC: [8] Undefined index: master /var/www/Application/Library/Cache/CacheRedis.class.php 第 55 行.
NOTIC: [2] Redis::connect(): php_network_getaddresses: getaddrinfo failed: No address associated with hostname /var/www/Application/Library/Cache/CacheRedis.class.php 第 55 行.
NOTIC: [2] Redis::connect(): connect() failed: php_network_getaddresses: getaddrinfo failed: No address associated with hostname /var/www/Application/Library/Cache/CacheRedis.class.php 第 55 行.

[ 2017-12-06T11:00:33+08:00 ] 192.168.33.1 /index.php?m=Home&c=Index&a=index
INFO: [ app_init ] --START--
INFO: Run Behavior\BuildLiteBehavior [ RunTime:0.000000s ]
INFO: [ app_init ] --END-- [ RunTime:0.001362s ]
INFO: [ app_begin ] --START--
INFO: Run Behavior\ReadHtmlCacheBehavior [ RunTime:0.002734s ]
INFO: [ app_begin ] --END-- [ RunTime:0.002773s ]
NOTIC: [8] Undefined index: prefix /var/www/Application/Library/Cache/CacheRedis.class.php 第 31 行.
NOTIC: [8] Undefined index: master /var/www/Application/Library/Cache/CacheRedis.class.php 第 48 行.
NOTIC: [8] Undefined index: pconnect /var/www/Application/Library/Cache/CacheRedis.class.php 第 53 行.
NOTIC: [8] Undefined index: master /var/www/Application/Library/Cache/CacheRedis.class.php 第 55 行.
NOTIC: [8] Undefined index: master /var/www/Application/Library/Cache/CacheRedis.class.php 第 55 行.
NOTIC: [2] Redis::connect(): php_network_getaddresses: getaddrinfo failed: No address associated with hostname /var/www/Application/Library/Cache/CacheRedis.class.php 第 55 行.
NOTIC: [2] Redis::connect(): connect() failed: php_network_getaddresses: getaddrinfo failed: No address associated with hostname /var/www/Application/Library/Cache/CacheRedis.class.php 第 55 行.

[ 2017-12-06T11:00:33+08:00 ] 192.168.33.1 /index.php?m=Home&c=Index&a=index
INFO: [ app_init ] --START--
INFO: Run Behavior\BuildLiteBehavior [ RunTime:0.000009s ]
INFO: [ app_init ] --END-- [ RunTime:0.001243s ]
INFO: [ app_begin ] --START--
INFO: Run Behavior\ReadHtmlCacheBehavior [ RunTime:0.001595s ]
INFO: [ app_begin ] --END-- [ RunTime:0.001630s ]
NOTIC: [8] Undefined index: prefix /var/www/Application/Library/Cache/CacheRedis.class.php 第 31 行.
NOTIC: [8] Undefined index: master /var/www/Application/Library/Cache/CacheRedis.class.php 第 48 行.
NOTIC: [8] Undefined index: pconnect /var/www/Application/Library/Cache/CacheRedis.class.php 第 53 行.
NOTIC: [8] Undefined index: master /var/www/Application/Library/Cache/CacheRedis.class.php 第 55 行.
NOTIC: [8] Undefined index: master /var/www/Application/Library/Cache/CacheRedis.class.php 第 55 行.
NOTIC: [2] Redis::connect(): php_network_getaddresses: getaddrinfo failed: No address associated with hostname /var/www/Application/Library/Cache/CacheRedis.class.php 第 55 行.
NOTIC: [2] Redis::connect(): connect() failed: php_network_getaddresses: getaddrinfo failed: No address associated with hostname /var/www/Application/Library/Cache/CacheRedis.class.php 第 55 行.

[ 2017-12-06T11:00:40+08:00 ] 192.168.33.1 /index.php?m=Home&c=Index&a=index
INFO: [ app_init ] --START--
INFO: Run Behavior\BuildLiteBehavior [ RunTime:0.000000s ]
INFO: [ app_init ] --END-- [ RunTime:0.000852s ]
INFO: [ app_begin ] --START--
INFO: Run Behavior\ReadHtmlCacheBehavior [ RunTime:0.001988s ]
INFO: [ app_begin ] --END-- [ RunTime:0.002020s ]
NOTIC: [8] Undefined index: prefix /var/www/Application/Library/Cache/CacheRedis.class.php 第 31 行.
NOTIC: [8] Undefined index: master /var/www/Application/Library/Cache/CacheRedis.class.php 第 48 行.
NOTIC: [8] Undefined index: pconnect /var/www/Application/Library/Cache/CacheRedis.class.php 第 53 行.
NOTIC: [8] Undefined index: master /var/www/Application/Library/Cache/CacheRedis.class.php 第 55 行.
NOTIC: [8] Undefined index: master /var/www/Application/Library/Cache/CacheRedis.class.php 第 55 行.
NOTIC: [2] Redis::connect(): php_network_getaddresses: getaddrinfo failed: No address associated with hostname /var/www/Application/Library/Cache/CacheRedis.class.php 第 55 行.
NOTIC: [2] Redis::connect(): connect() failed: php_network_getaddresses: getaddrinfo failed: No address associated with hostname /var/www/Application/Library/Cache/CacheRedis.class.php 第 55 行.

[ 2017-12-06T11:01:04+08:00 ] 192.168.33.1 /index.php?m=Home&c=Index&a=index
INFO: [ app_init ] --START--
INFO: Run Behavior\BuildLiteBehavior [ RunTime:0.000010s ]
INFO: [ app_init ] --END-- [ RunTime:0.001109s ]
INFO: [ app_begin ] --START--
INFO: Run Behavior\ReadHtmlCacheBehavior [ RunTime:0.001764s ]
INFO: [ app_begin ] --END-- [ RunTime:0.001793s ]
NOTIC: [8] Undefined index: prefix /var/www/Application/Library/Cache/CacheRedis.class.php 第 31 行.
NOTIC: [8] Undefined index: master /var/www/Application/Library/Cache/CacheRedis.class.php 第 48 行.
NOTIC: [8] Undefined index: pconnect /var/www/Application/Library/Cache/CacheRedis.class.php 第 53 行.
NOTIC: [8] Undefined index: master /var/www/Application/Library/Cache/CacheRedis.class.php 第 55 行.
NOTIC: [8] Undefined index: master /var/www/Application/Library/Cache/CacheRedis.class.php 第 55 行.
NOTIC: [2] Redis::connect(): php_network_getaddresses: getaddrinfo failed: No address associated with hostname /var/www/Application/Library/Cache/CacheRedis.class.php 第 55 行.
NOTIC: [2] Redis::connect(): connect() failed: php_network_getaddresses: getaddrinfo failed: No address associated with hostname /var/www/Application/Library/Cache/CacheRedis.class.php 第 55 行.

[ 2017-12-06T11:01:10+08:00 ] 192.168.33.1 /index.php?m=Home&c=Index&a=index
INFO: [ app_init ] --START--
INFO: Run Behavior\BuildLiteBehavior [ RunTime:0.000010s ]
INFO: [ app_init ] --END-- [ RunTime:0.002268s ]
INFO: [ app_begin ] --START--
INFO: Run Behavior\ReadHtmlCacheBehavior [ RunTime:0.001497s ]
INFO: [ app_begin ] --END-- [ RunTime:0.001530s ]
NOTIC: [8] Undefined index: prefix /var/www/Application/Library/Cache/CacheRedis.class.php 第 31 行.
NOTIC: [8] Undefined index: master /var/www/Application/Library/Cache/CacheRedis.class.php 第 48 行.
NOTIC: [8] Undefined index: pconnect /var/www/Application/Library/Cache/CacheRedis.class.php 第 53 行.
NOTIC: [8] Undefined index: master /var/www/Application/Library/Cache/CacheRedis.class.php 第 55 行.
NOTIC: [8] Undefined index: master /var/www/Application/Library/Cache/CacheRedis.class.php 第 55 行.
NOTIC: [2] Redis::connect(): php_network_getaddresses: getaddrinfo failed: No address associated with hostname /var/www/Application/Library/Cache/CacheRedis.class.php 第 55 行.
NOTIC: [2] Redis::connect(): connect() failed: php_network_getaddresses: getaddrinfo failed: No address associated with hostname /var/www/Application/Library/Cache/CacheRedis.class.php 第 55 行.

[ 2017-12-06T11:01:48+08:00 ] 192.168.33.1 /index.php?m=Home&c=Index&a=index
INFO: [ app_init ] --START--
INFO: Run Behavior\BuildLiteBehavior [ RunTime:0.000008s ]
INFO: [ app_init ] --END-- [ RunTime:0.001726s ]
INFO: [ app_begin ] --START--
INFO: Run Behavior\ReadHtmlCacheBehavior [ RunTime:0.001544s ]
INFO: [ app_begin ] --END-- [ RunTime:0.001574s ]
NOTIC: [8] Undefined index: prefix /var/www/Application/Library/Cache/CacheRedis.class.php 第 31 行.
NOTIC: [8] Undefined index: master /var/www/Application/Library/Cache/CacheRedis.class.php 第 48 行.
NOTIC: [8] Undefined index: pconnect /var/www/Application/Library/Cache/CacheRedis.class.php 第 53 行.
NOTIC: [8] Undefined index: master /var/www/Application/Library/Cache/CacheRedis.class.php 第 55 行.
NOTIC: [8] Undefined index: master /var/www/Application/Library/Cache/CacheRedis.class.php 第 55 行.
NOTIC: [2] Redis::connect(): php_network_getaddresses: getaddrinfo failed: No address associated with hostname /var/www/Application/Library/Cache/CacheRedis.class.php 第 55 行.
NOTIC: [2] Redis::connect(): connect() failed: php_network_getaddresses: getaddrinfo failed: No address associated with hostname /var/www/Application/Library/Cache/CacheRedis.class.php 第 55 行.

[ 2017-12-06T11:01:48+08:00 ] 192.168.33.1 /index.php?m=Home&c=Index&a=index
INFO: [ app_init ] --START--
INFO: Run Behavior\BuildLiteBehavior [ RunTime:0.000007s ]
INFO: [ app_init ] --END-- [ RunTime:0.000891s ]
INFO: [ app_begin ] --START--
INFO: Run Behavior\ReadHtmlCacheBehavior [ RunTime:0.001400s ]
INFO: [ app_begin ] --END-- [ RunTime:0.001438s ]
NOTIC: [8] Undefined index: prefix /var/www/Application/Library/Cache/CacheRedis.class.php 第 31 行.
NOTIC: [8] Undefined index: master /var/www/Application/Library/Cache/CacheRedis.class.php 第 48 行.
NOTIC: [8] Undefined index: pconnect /var/www/Application/Library/Cache/CacheRedis.class.php 第 53 行.
NOTIC: [8] Undefined index: master /var/www/Application/Library/Cache/CacheRedis.class.php 第 55 行.
NOTIC: [8] Undefined index: master /var/www/Application/Library/Cache/CacheRedis.class.php 第 55 行.
NOTIC: [2] Redis::connect(): php_network_getaddresses: getaddrinfo failed: No address associated with hostname /var/www/Application/Library/Cache/CacheRedis.class.php 第 55 行.
NOTIC: [2] Redis::connect(): connect() failed: php_network_getaddresses: getaddrinfo failed: No address associated with hostname /var/www/Application/Library/Cache/CacheRedis.class.php 第 55 行.

[ 2017-12-06T11:01:48+08:00 ] 192.168.33.1 /index.php?m=Home&c=Index&a=index
INFO: [ app_init ] --START--
INFO: Run Behavior\BuildLiteBehavior [ RunTime:0.000008s ]
INFO: [ app_init ] --END-- [ RunTime:0.000888s ]
INFO: [ app_begin ] --START--
INFO: Run Behavior\ReadHtmlCacheBehavior [ RunTime:0.001867s ]
INFO: [ app_begin ] --END-- [ RunTime:0.001907s ]
NOTIC: [8] Undefined index: prefix /var/www/Application/Library/Cache/CacheRedis.class.php 第 31 行.
NOTIC: [8] Undefined index: master /var/www/Application/Library/Cache/CacheRedis.class.php 第 48 行.
NOTIC: [8] Undefined index: pconnect /var/www/Application/Library/Cache/CacheRedis.class.php 第 53 行.
NOTIC: [8] Undefined index: master /var/www/Application/Library/Cache/CacheRedis.class.php 第 55 行.
NOTIC: [8] Undefined index: master /var/www/Application/Library/Cache/CacheRedis.class.php 第 55 行.
NOTIC: [2] Redis::connect(): php_network_getaddresses: getaddrinfo failed: No address associated with hostname /var/www/Application/Library/Cache/CacheRedis.class.php 第 55 行.
NOTIC: [2] Redis::connect(): connect() failed: php_network_getaddresses: getaddrinfo failed: No address associated with hostname /var/www/Application/Library/Cache/CacheRedis.class.php 第 55 行.

[ 2017-12-06T11:01:49+08:00 ] 192.168.33.1 /index.php?m=Home&c=Index&a=index
INFO: [ app_init ] --START--
INFO: Run Behavior\BuildLiteBehavior [ RunTime:0.000008s ]
INFO: [ app_init ] --END-- [ RunTime:0.000988s ]
INFO: [ app_begin ] --START--
INFO: Run Behavior\ReadHtmlCacheBehavior [ RunTime:0.001749s ]
INFO: [ app_begin ] --END-- [ RunTime:0.001772s ]
NOTIC: [8] Undefined index: prefix /var/www/Application/Library/Cache/CacheRedis.class.php 第 31 行.
NOTIC: [8] Undefined index: master /var/www/Application/Library/Cache/CacheRedis.class.php 第 48 行.
NOTIC: [8] Undefined index: pconnect /var/www/Application/Library/Cache/CacheRedis.class.php 第 53 行.
NOTIC: [8] Undefined index: master /var/www/Application/Library/Cache/CacheRedis.class.php 第 55 行.
NOTIC: [8] Undefined index: master /var/www/Application/Library/Cache/CacheRedis.class.php 第 55 行.
NOTIC: [2] Redis::connect(): php_network_getaddresses: getaddrinfo failed: No address associated with hostname /var/www/Application/Library/Cache/CacheRedis.class.php 第 55 行.
NOTIC: [2] Redis::connect(): connect() failed: php_network_getaddresses: getaddrinfo failed: No address associated with hostname /var/www/Application/Library/Cache/CacheRedis.class.php 第 55 行.

[ 2017-12-06T11:01:49+08:00 ] 192.168.33.1 /index.php?m=Home&c=Index&a=index
INFO: [ app_init ] --START--
INFO: Run Behavior\BuildLiteBehavior [ RunTime:0.000008s ]
INFO: [ app_init ] --END-- [ RunTime:0.001014s ]
INFO: [ app_begin ] --START--
INFO: Run Behavior\ReadHtmlCacheBehavior [ RunTime:0.002311s ]
INFO: [ app_begin ] --END-- [ RunTime:0.002340s ]
NOTIC: [8] Undefined index: prefix /var/www/Application/Library/Cache/CacheRedis.class.php 第 31 行.
NOTIC: [8] Undefined index: master /var/www/Application/Library/Cache/CacheRedis.class.php 第 48 行.
NOTIC: [8] Undefined index: pconnect /var/www/Application/Library/Cache/CacheRedis.class.php 第 53 行.
NOTIC: [8] Undefined index: master /var/www/Application/Library/Cache/CacheRedis.class.php 第 55 行.
NOTIC: [8] Undefined index: master /var/www/Application/Library/Cache/CacheRedis.class.php 第 55 行.
NOTIC: [2] Redis::connect(): php_network_getaddresses: getaddrinfo failed: No address associated with hostname /var/www/Application/Library/Cache/CacheRedis.class.php 第 55 行.
NOTIC: [2] Redis::connect(): connect() failed: php_network_getaddresses: getaddrinfo failed: No address associated with hostname /var/www/Application/Library/Cache/CacheRedis.class.php 第 55 行.

[ 2017-12-06T11:01:49+08:00 ] 192.168.33.1 /index.php?m=Home&c=Index&a=index
INFO: [ app_init ] --START--
INFO: Run Behavior\BuildLiteBehavior [ RunTime:0.000007s ]
INFO: [ app_init ] --END-- [ RunTime:0.000785s ]
INFO: [ app_begin ] --START--
INFO: Run Behavior\ReadHtmlCacheBehavior [ RunTime:0.001169s ]
INFO: [ app_begin ] --END-- [ RunTime:0.001202s ]
NOTIC: [8] Undefined index: prefix /var/www/Application/Library/Cache/CacheRedis.class.php 第 31 行.
NOTIC: [8] Undefined index: master /var/www/Application/Library/Cache/CacheRedis.class.php 第 48 行.
NOTIC: [8] Undefined index: pconnect /var/www/Application/Library/Cache/CacheRedis.class.php 第 53 行.
NOTIC: [8] Undefined index: master /var/www/Application/Library/Cache/CacheRedis.class.php 第 55 行.
NOTIC: [8] Undefined index: master /var/www/Application/Library/Cache/CacheRedis.class.php 第 55 行.
NOTIC: [2] Redis::connect(): php_network_getaddresses: getaddrinfo failed: No address associated with hostname /var/www/Application/Library/Cache/CacheRedis.class.php 第 55 行.
NOTIC: [2] Redis::connect(): connect() failed: php_network_getaddresses: getaddrinfo failed: No address associated with hostname /var/www/Application/Library/Cache/CacheRedis.class.php 第 55 行.

[ 2017-12-06T11:02:12+08:00 ] 192.168.33.1 /index.php?m=Home&c=Index&a=index
INFO: [ app_init ] --START--
INFO: Run Behavior\BuildLiteBehavior [ RunTime:0.000007s ]
INFO: [ app_init ] --END-- [ RunTime:0.000914s ]
INFO: [ app_begin ] --START--
INFO: Run Behavior\ReadHtmlCacheBehavior [ RunTime:0.001264s ]
INFO: [ app_begin ] --END-- [ RunTime:0.001282s ]
NOTIC: [8] Undefined index: prefix /var/www/Application/Library/Cache/CacheRedis.class.php 第 31 行.
NOTIC: [8] Undefined index: master /var/www/Application/Library/Cache/CacheRedis.class.php 第 48 行.
NOTIC: [8] Undefined index: pconnect /var/www/Application/Library/Cache/CacheRedis.class.php 第 53 行.
NOTIC: [8] Undefined index: master /var/www/Application/Library/Cache/CacheRedis.class.php 第 55 行.
NOTIC: [8] Undefined index: master /var/www/Application/Library/Cache/CacheRedis.class.php 第 55 行.
NOTIC: [2] Redis::connect(): php_network_getaddresses: getaddrinfo failed: No address associated with hostname /var/www/Application/Library/Cache/CacheRedis.class.php 第 55 行.
NOTIC: [2] Redis::connect(): connect() failed: php_network_getaddresses: getaddrinfo failed: No address associated with hostname /var/www/Application/Library/Cache/CacheRedis.class.php 第 55 行.

[ 2017-12-06T11:02:19+08:00 ] 192.168.33.1 /index.php?m=Home&c=Index&a=index
INFO: [ app_init ] --START--
INFO: Run Behavior\BuildLiteBehavior [ RunTime:0.000013s ]
INFO: [ app_init ] --END-- [ RunTime:0.000838s ]
INFO: [ app_begin ] --START--
INFO: Run Behavior\ReadHtmlCacheBehavior [ RunTime:0.001753s ]
INFO: [ app_begin ] --END-- [ RunTime:0.001783s ]
NOTIC: [8] Undefined index: prefix /var/www/Application/Library/Cache/CacheRedis.class.php 第 31 行.
NOTIC: [8] Undefined index: master /var/www/Application/Library/Cache/CacheRedis.class.php 第 48 行.
NOTIC: [8] Undefined index: pconnect /var/www/Application/Library/Cache/CacheRedis.class.php 第 53 行.
NOTIC: [8] Undefined index: master /var/www/Application/Library/Cache/CacheRedis.class.php 第 55 行.
NOTIC: [8] Undefined index: master /var/www/Application/Library/Cache/CacheRedis.class.php 第 55 行.
NOTIC: [2] Redis::connect(): php_network_getaddresses: getaddrinfo failed: No address associated with hostname /var/www/Application/Library/Cache/CacheRedis.class.php 第 55 行.
NOTIC: [2] Redis::connect(): connect() failed: php_network_getaddresses: getaddrinfo failed: No address associated with hostname /var/www/Application/Library/Cache/CacheRedis.class.php 第 55 行.

[ 2017-12-06T11:04:30+08:00 ] 192.168.33.1 /index.php?m=Home&c=Index&a=index
INFO: [ app_init ] --START--
INFO: Run Behavior\BuildLiteBehavior [ RunTime:0.000008s ]
INFO: [ app_init ] --END-- [ RunTime:0.001035s ]
INFO: [ app_begin ] --START--
INFO: Run Behavior\ReadHtmlCacheBehavior [ RunTime:0.001088s ]
INFO: [ app_begin ] --END-- [ RunTime:0.001111s ]
NOTIC: [8] Undefined index: prefix /var/www/Application/Library/Cache/CacheRedis.class.php 第 31 行.
NOTIC: [8] Undefined index: master /var/www/Application/Library/Cache/CacheRedis.class.php 第 48 行.
NOTIC: [8] Undefined index: pconnect /var/www/Application/Library/Cache/CacheRedis.class.php 第 53 行.
NOTIC: [8] Undefined index: master /var/www/Application/Library/Cache/CacheRedis.class.php 第 55 行.
NOTIC: [8] Undefined index: master /var/www/Application/Library/Cache/CacheRedis.class.php 第 55 行.
NOTIC: [2] Redis::connect(): php_network_getaddresses: getaddrinfo failed: No address associated with hostname /var/www/Application/Library/Cache/CacheRedis.class.php 第 55 行.
NOTIC: [2] Redis::connect(): connect() failed: php_network_getaddresses: getaddrinfo failed: No address associated with hostname /var/www/Application/Library/Cache/CacheRedis.class.php 第 55 行.

[ 2017-12-06T11:04:30+08:00 ] 192.168.33.1 /index.php?m=Home&c=Index&a=index
INFO: [ app_init ] --START--
INFO: Run Behavior\BuildLiteBehavior [ RunTime:0.000006s ]
INFO: [ app_init ] --END-- [ RunTime:0.001389s ]
INFO: [ app_begin ] --START--
INFO: Run Behavior\ReadHtmlCacheBehavior [ RunTime:0.001581s ]
INFO: [ app_begin ] --END-- [ RunTime:0.001621s ]
NOTIC: [8] Undefined index: prefix /var/www/Application/Library/Cache/CacheRedis.class.php 第 31 行.
NOTIC: [8] Undefined index: master /var/www/Application/Library/Cache/CacheRedis.class.php 第 48 行.
NOTIC: [8] Undefined index: pconnect /var/www/Application/Library/Cache/CacheRedis.class.php 第 53 行.
NOTIC: [8] Undefined index: master /var/www/Application/Library/Cache/CacheRedis.class.php 第 55 行.
NOTIC: [8] Undefined index: master /var/www/Application/Library/Cache/CacheRedis.class.php 第 55 行.
NOTIC: [2] Redis::connect(): php_network_getaddresses: getaddrinfo failed: No address associated with hostname /var/www/Application/Library/Cache/CacheRedis.class.php 第 55 行.
NOTIC: [2] Redis::connect(): connect() failed: php_network_getaddresses: getaddrinfo failed: No address associated with hostname /var/www/Application/Library/Cache/CacheRedis.class.php 第 55 行.

[ 2017-12-06T11:04:40+08:00 ] 192.168.33.1 /index.php?m=Home&c=Index&a=index
INFO: [ app_init ] --START--
INFO: Run Behavior\BuildLiteBehavior [ RunTime:0.000006s ]
INFO: [ app_init ] --END-- [ RunTime:0.001113s ]
INFO: [ app_begin ] --START--
INFO: Run Behavior\ReadHtmlCacheBehavior [ RunTime:0.002432s ]
INFO: [ app_begin ] --END-- [ RunTime:0.002469s ]
NOTIC: [8] Undefined index: prefix /var/www/Application/Library/Cache/CacheRedis.class.php 第 31 行.
NOTIC: [8] Undefined index: master /var/www/Application/Library/Cache/CacheRedis.class.php 第 48 行.
NOTIC: [8] Undefined index: pconnect /var/www/Application/Library/Cache/CacheRedis.class.php 第 53 行.
NOTIC: [8] Undefined index: master /var/www/Application/Library/Cache/CacheRedis.class.php 第 55 行.
NOTIC: [8] Undefined index: master /var/www/Application/Library/Cache/CacheRedis.class.php 第 55 行.
NOTIC: [2] Redis::connect(): php_network_getaddresses: getaddrinfo failed: No address associated with hostname /var/www/Application/Library/Cache/CacheRedis.class.php 第 55 行.
NOTIC: [2] Redis::connect(): connect() failed: php_network_getaddresses: getaddrinfo failed: No address associated with hostname /var/www/Application/Library/Cache/CacheRedis.class.php 第 55 行.

[ 2017-12-06T11:05:02+08:00 ] 192.168.33.1 /index.php?m=Home&c=Index&a=index
INFO: [ app_init ] --START--
INFO: Run Behavior\BuildLiteBehavior [ RunTime:0.000008s ]
INFO: [ app_init ] --END-- [ RunTime:0.001031s ]
INFO: [ app_begin ] --START--
INFO: Run Behavior\ReadHtmlCacheBehavior [ RunTime:0.001722s ]
INFO: [ app_begin ] --END-- [ RunTime:0.001757s ]
NOTIC: [8] Undefined index: prefix /var/www/Application/Library/Cache/CacheRedis.class.php 第 31 行.
NOTIC: [8] Undefined index: master /var/www/Application/Library/Cache/CacheRedis.class.php 第 48 行.
NOTIC: [8] Undefined index: pconnect /var/www/Application/Library/Cache/CacheRedis.class.php 第 53 行.
NOTIC: [8] Undefined index: master /var/www/Application/Library/Cache/CacheRedis.class.php 第 55 行.
NOTIC: [8] Undefined index: master /var/www/Application/Library/Cache/CacheRedis.class.php 第 55 行.
NOTIC: [2] Redis::connect(): php_network_getaddresses: getaddrinfo failed: No address associated with hostname /var/www/Application/Library/Cache/CacheRedis.class.php 第 55 行.
NOTIC: [2] Redis::connect(): connect() failed: php_network_getaddresses: getaddrinfo failed: No address associated with hostname /var/www/Application/Library/Cache/CacheRedis.class.php 第 55 行.

[ 2017-12-06T11:05:02+08:00 ] 192.168.33.1 /index.php?m=Home&c=Index&a=index
INFO: [ app_init ] --START--
INFO: Run Behavior\BuildLiteBehavior [ RunTime:0.000007s ]
INFO: [ app_init ] --END-- [ RunTime:0.000880s ]
INFO: [ app_begin ] --START--
INFO: Run Behavior\ReadHtmlCacheBehavior [ RunTime:0.002186s ]
INFO: [ app_begin ] --END-- [ RunTime:0.002223s ]
NOTIC: [8] Undefined index: prefix /var/www/Application/Library/Cache/CacheRedis.class.php 第 31 行.
NOTIC: [8] Undefined index: master /var/www/Application/Library/Cache/CacheRedis.class.php 第 48 行.
NOTIC: [8] Undefined index: pconnect /var/www/Application/Library/Cache/CacheRedis.class.php 第 53 行.
NOTIC: [8] Undefined index: master /var/www/Application/Library/Cache/CacheRedis.class.php 第 55 行.
NOTIC: [8] Undefined index: master /var/www/Application/Library/Cache/CacheRedis.class.php 第 55 行.
NOTIC: [2] Redis::connect(): php_network_getaddresses: getaddrinfo failed: No address associated with hostname /var/www/Application/Library/Cache/CacheRedis.class.php 第 55 行.
NOTIC: [2] Redis::connect(): connect() failed: php_network_getaddresses: getaddrinfo failed: No address associated with hostname /var/www/Application/Library/Cache/CacheRedis.class.php 第 55 行.

[ 2017-12-06T11:05:19+08:00 ] 192.168.33.1 /index.php?m=Home&c=Index&a=index
INFO: [ app_init ] --START--
INFO: Run Behavior\BuildLiteBehavior [ RunTime:0.000007s ]
INFO: [ app_init ] --END-- [ RunTime:0.000774s ]
INFO: [ app_begin ] --START--
INFO: Run Behavior\ReadHtmlCacheBehavior [ RunTime:0.001069s ]
INFO: [ app_begin ] --END-- [ RunTime:0.001093s ]
NOTIC: [8] Undefined index: prefix /var/www/Application/Library/Cache/CacheRedis.class.php 第 31 行.
NOTIC: [8] Undefined index: master /var/www/Application/Library/Cache/CacheRedis.class.php 第 48 行.
NOTIC: [8] Undefined index: pconnect /var/www/Application/Library/Cache/CacheRedis.class.php 第 53 行.
NOTIC: [8] Undefined index: master /var/www/Application/Library/Cache/CacheRedis.class.php 第 55 行.
NOTIC: [8] Undefined index: master /var/www/Application/Library/Cache/CacheRedis.class.php 第 55 行.
NOTIC: [2] Redis::connect(): php_network_getaddresses: getaddrinfo failed: No address associated with hostname /var/www/Application/Library/Cache/CacheRedis.class.php 第 55 行.
NOTIC: [2] Redis::connect(): connect() failed: php_network_getaddresses: getaddrinfo failed: No address associated with hostname /var/www/Application/Library/Cache/CacheRedis.class.php 第 55 行.
NOTIC: [8] Undefined index: master /var/www/Application/Library/Cache/CacheRedis.class.php 第 56 行.

[ 2017-12-06T11:05:20+08:00 ] 192.168.33.1 /index.php?m=Home&c=Index&a=index
INFO: [ app_init ] --START--
INFO: Run Behavior\BuildLiteBehavior [ RunTime:0.000007s ]
INFO: [ app_init ] --END-- [ RunTime:0.001013s ]
INFO: [ app_begin ] --START--
INFO: Run Behavior\ReadHtmlCacheBehavior [ RunTime:0.001209s ]
INFO: [ app_begin ] --END-- [ RunTime:0.001227s ]
NOTIC: [8] Undefined index: prefix /var/www/Application/Library/Cache/CacheRedis.class.php 第 31 行.
NOTIC: [8] Undefined index: master /var/www/Application/Library/Cache/CacheRedis.class.php 第 48 行.
NOTIC: [8] Undefined index: pconnect /var/www/Application/Library/Cache/CacheRedis.class.php 第 53 行.
NOTIC: [8] Undefined index: master /var/www/Application/Library/Cache/CacheRedis.class.php 第 55 行.
NOTIC: [8] Undefined index: master /var/www/Application/Library/Cache/CacheRedis.class.php 第 55 行.
NOTIC: [2] Redis::connect(): php_network_getaddresses: getaddrinfo failed: No address associated with hostname /var/www/Application/Library/Cache/CacheRedis.class.php 第 55 行.
NOTIC: [2] Redis::connect(): connect() failed: php_network_getaddresses: getaddrinfo failed: No address associated with hostname /var/www/Application/Library/Cache/CacheRedis.class.php 第 55 行.
NOTIC: [8] Undefined index: master /var/www/Application/Library/Cache/CacheRedis.class.php 第 56 行.

[ 2017-12-06T11:05:29+08:00 ] 192.168.33.1 /index.php?m=Home&c=Index&a=index
INFO: [ app_init ] --START--
INFO: Run Behavior\BuildLiteBehavior [ RunTime:0.000009s ]
INFO: [ app_init ] --END-- [ RunTime:0.000987s ]
INFO: [ app_begin ] --START--
INFO: Run Behavior\ReadHtmlCacheBehavior [ RunTime:0.002243s ]
INFO: [ app_begin ] --END-- [ RunTime:0.002274s ]
NOTIC: [8] Undefined index: prefix /var/www/Application/Library/Cache/CacheRedis.class.php 第 31 行.
NOTIC: [8] Undefined index: master /var/www/Application/Library/Cache/CacheRedis.class.php 第 48 行.
NOTIC: [8] Undefined index: pconnect /var/www/Application/Library/Cache/CacheRedis.class.php 第 53 行.
NOTIC: [8] Undefined index: master /var/www/Application/Library/Cache/CacheRedis.class.php 第 55 行.
NOTIC: [8] Undefined index: master /var/www/Application/Library/Cache/CacheRedis.class.php 第 55 行.
NOTIC: [2] Redis::connect(): php_network_getaddresses: getaddrinfo failed: No address associated with hostname /var/www/Application/Library/Cache/CacheRedis.class.php 第 55 行.
NOTIC: [2] Redis::connect(): connect() failed: php_network_getaddresses: getaddrinfo failed: No address associated with hostname /var/www/Application/Library/Cache/CacheRedis.class.php 第 55 行.
NOTIC: [8] Undefined index: master /var/www/Application/Library/Cache/CacheRedis.class.php 第 56 行.

[ 2017-12-06T11:05:34+08:00 ] 192.168.33.1 /index.php?m=Home&c=Index&a=index
INFO: [ app_init ] --START--
INFO: Run Behavior\BuildLiteBehavior [ RunTime:0.000010s ]
INFO: [ app_init ] --END-- [ RunTime:0.001261s ]
INFO: [ app_begin ] --START--
INFO: Run Behavior\ReadHtmlCacheBehavior [ RunTime:0.001271s ]
INFO: [ app_begin ] --END-- [ RunTime:0.001312s ]
NOTIC: [8] Undefined index: prefix /var/www/Application/Library/Cache/CacheRedis.class.php 第 31 行.
NOTIC: [8] Undefined index: master /var/www/Application/Library/Cache/CacheRedis.class.php 第 48 行.
NOTIC: [8] Undefined index: pconnect /var/www/Application/Library/Cache/CacheRedis.class.php 第 53 行.
NOTIC: [8] Undefined index: master /var/www/Application/Library/Cache/CacheRedis.class.php 第 55 行.
NOTIC: [8] Undefined index: master /var/www/Application/Library/Cache/CacheRedis.class.php 第 55 行.
NOTIC: [2] Redis::connect(): php_network_getaddresses: getaddrinfo failed: No address associated with hostname /var/www/Application/Library/Cache/CacheRedis.class.php 第 55 行.
NOTIC: [2] Redis::connect(): connect() failed: php_network_getaddresses: getaddrinfo failed: No address associated with hostname /var/www/Application/Library/Cache/CacheRedis.class.php 第 55 行.

[ 2017-12-06T11:05:51+08:00 ] 192.168.33.1 /index.php?m=Home&c=Index&a=index
INFO: [ app_init ] --START--
INFO: Run Behavior\BuildLiteBehavior [ RunTime:0.000007s ]
INFO: [ app_init ] --END-- [ RunTime:0.000798s ]
INFO: [ app_begin ] --START--
INFO: Run Behavior\ReadHtmlCacheBehavior [ RunTime:0.001758s ]
INFO: [ app_begin ] --END-- [ RunTime:0.001789s ]
NOTIC: [8] Undefined index: prefix /var/www/Application/Library/Cache/CacheRedis.class.php 第 31 行.
NOTIC: [8] Undefined index: pconnect /var/www/Application/Library/Cache/CacheRedis.class.php 第 53 行.

[ 2017-12-06T11:06:04+08:00 ] 192.168.33.1 /index.php?m=Home&c=Index&a=index
INFO: [ app_init ] --START--
INFO: Run Behavior\BuildLiteBehavior [ RunTime:0.000009s ]
INFO: [ app_init ] --END-- [ RunTime:0.001198s ]
INFO: [ app_begin ] --START--
INFO: Run Behavior\ReadHtmlCacheBehavior [ RunTime:0.001381s ]
INFO: [ app_begin ] --END-- [ RunTime:0.001402s ]
NOTIC: [8] Undefined index: prefix /var/www/Application/Library/Cache/CacheRedis.class.php 第 31 行.
NOTIC: [8] Undefined index: pconnect /var/www/Application/Library/Cache/CacheRedis.class.php 第 53 行.

[ 2017-12-06T11:06:09+08:00 ] 192.168.33.1 /index.php?m=Home&c=Index&a=index
INFO: [ app_init ] --START--
INFO: Run Behavior\BuildLiteBehavior [ RunTime:0.000009s ]
INFO: [ app_init ] --END-- [ RunTime:0.000996s ]
INFO: [ app_begin ] --START--
INFO: Run Behavior\ReadHtmlCacheBehavior [ RunTime:0.002939s ]
INFO: [ app_begin ] --END-- [ RunTime:0.002980s ]
NOTIC: [8] Undefined index: prefix /var/www/Application/Library/Cache/CacheRedis.class.php 第 31 行.
NOTIC: [8] Undefined index: pconnect /var/www/Application/Library/Cache/CacheRedis.class.php 第 53 行.
INFO: [ view_parse ] --START--
INFO: Run Behavior\ParseTemplateBehavior [ RunTime:0.001963s ]
INFO: [ view_parse ] --END-- [ RunTime:0.001987s ]
INFO: [ view_filter ] --START--
INFO: Run Behavior\WriteHtmlCacheBehavior [ RunTime:0.001343s ]
INFO: [ view_filter ] --END-- [ RunTime:0.001362s ]
INFO: [ app_end ] --START--
INFO: Run Behavior\ShowPageTraceBehavior [ RunTime:0.001889s ]
INFO: [ app_end ] --END-- [ RunTime:0.001916s ]

[ 2017-12-06T11:28:45+08:00 ] 192.168.33.1 /index.php?m=Home&c=Index&a=index
INFO: [ app_init ] --START--
INFO: Run Behavior\BuildLiteBehavior [ RunTime:0.000008s ]
INFO: [ app_init ] --END-- [ RunTime:0.001189s ]
INFO: [ app_begin ] --START--
INFO: Run Behavior\ReadHtmlCacheBehavior [ RunTime:0.001838s ]
INFO: [ app_begin ] --END-- [ RunTime:0.001868s ]
NOTIC: [8] Undefined index: prefix /var/www/Application/Library/Cache/CacheRedis.class.php 第 31 行.
NOTIC: [8] Undefined index: pconnect /var/www/Application/Library/Cache/CacheRedis.class.php 第 53 行.
INFO: [ view_parse ] --START--
INFO: Run Behavior\ParseTemplateBehavior [ RunTime:0.003012s ]
INFO: [ view_parse ] --END-- [ RunTime:0.003036s ]
INFO: [ view_filter ] --START--
INFO: Run Behavior\WriteHtmlCacheBehavior [ RunTime:0.001464s ]
INFO: [ view_filter ] --END-- [ RunTime:0.001477s ]
INFO: [ app_end ] --START--
INFO: Run Behavior\ShowPageTraceBehavior [ RunTime:0.002855s ]
INFO: [ app_end ] --END-- [ RunTime:0.002874s ]

[ 2017-12-06T11:28:58+08:00 ] 192.168.33.1 /index.php?m=Home&c=Index&a=index
INFO: [ app_init ] --START--
INFO: Run Behavior\BuildLiteBehavior [ RunTime:0.000007s ]
INFO: [ app_init ] --END-- [ RunTime:0.001013s ]
INFO: [ app_begin ] --START--
INFO: Run Behavior\ReadHtmlCacheBehavior [ RunTime:0.001721s ]
INFO: [ app_begin ] --END-- [ RunTime:0.001761s ]
NOTIC: [8] Undefined index: prefix /var/www/Application/Library/Cache/CacheRedis.class.php 第 31 行.
NOTIC: [8] Undefined index: pconnect /var/www/Application/Library/Cache/CacheRedis.class.php 第 53 行.
INFO: [ view_parse ] --START--
INFO: Run Behavior\ParseTemplateBehavior [ RunTime:0.002324s ]
INFO: [ view_parse ] --END-- [ RunTime:0.002348s ]
INFO: [ view_filter ] --START--
INFO: Run Behavior\WriteHtmlCacheBehavior [ RunTime:0.000918s ]
INFO: [ view_filter ] --END-- [ RunTime:0.000932s ]
INFO: [ app_end ] --START--
INFO: Run Behavior\ShowPageTraceBehavior [ RunTime:0.001534s ]
INFO: [ app_end ] --END-- [ RunTime:0.001551s ]

[ 2017-12-06T11:28:59+08:00 ] 192.168.33.1 /index.php?m=Home&c=Index&a=index
INFO: [ app_init ] --START--
INFO: Run Behavior\BuildLiteBehavior [ RunTime:0.000007s ]
INFO: [ app_init ] --END-- [ RunTime:0.001371s ]
INFO: [ app_begin ] --START--
INFO: Run Behavior\ReadHtmlCacheBehavior [ RunTime:0.001654s ]
INFO: [ app_begin ] --END-- [ RunTime:0.001684s ]
NOTIC: [8] Undefined index: prefix /var/www/Application/Library/Cache/CacheRedis.class.php 第 31 行.
NOTIC: [8] Undefined index: pconnect /var/www/Application/Library/Cache/CacheRedis.class.php 第 53 行.
INFO: [ view_parse ] --START--
INFO: Run Behavior\ParseTemplateBehavior [ RunTime:0.002761s ]
INFO: [ view_parse ] --END-- [ RunTime:0.002787s ]
INFO: [ view_filter ] --START--
INFO: Run Behavior\WriteHtmlCacheBehavior [ RunTime:0.001561s ]
INFO: [ view_filter ] --END-- [ RunTime:0.001577s ]
INFO: [ app_end ] --START--
INFO: Run Behavior\ShowPageTraceBehavior [ RunTime:0.001730s ]
INFO: [ app_end ] --END-- [ RunTime:0.001746s ]

[ 2017-12-06T11:29:06+08:00 ] 192.168.33.1 /index.php?m=Home&c=Index&a=index
INFO: [ app_init ] --START--
INFO: Run Behavior\BuildLiteBehavior [ RunTime:0.000008s ]
INFO: [ app_init ] --END-- [ RunTime:0.000974s ]
INFO: [ app_begin ] --START--
INFO: Run Behavior\ReadHtmlCacheBehavior [ RunTime:0.002435s ]
INFO: [ app_begin ] --END-- [ RunTime:0.002474s ]
INFO: [ view_parse ] --START--
INFO: Run Behavior\ParseTemplateBehavior [ RunTime:0.001196s ]
INFO: [ view_parse ] --END-- [ RunTime:0.001292s ]
INFO: [ view_filter ] --START--
INFO: Run Behavior\WriteHtmlCacheBehavior [ RunTime:0.001992s ]
INFO: [ view_filter ] --END-- [ RunTime:0.002024s ]
INFO: [ app_end ] --START--
INFO: Run Behavior\ShowPageTraceBehavior [ RunTime:0.001440s ]
INFO: [ app_end ] --END-- [ RunTime:0.001465s ]

[ 2017-12-06T11:29:07+08:00 ] 192.168.33.1 /index.php?m=Home&c=Index&a=index
INFO: [ app_init ] --START--
INFO: Run Behavior\BuildLiteBehavior [ RunTime:0.000007s ]
INFO: [ app_init ] --END-- [ RunTime:0.000712s ]
INFO: [ app_begin ] --START--
INFO: Run Behavior\ReadHtmlCacheBehavior [ RunTime:0.001157s ]
INFO: [ app_begin ] --END-- [ RunTime:0.001180s ]
INFO: [ view_parse ] --START--
INFO: Run Behavior\ParseTemplateBehavior [ RunTime:0.001444s ]
INFO: [ view_parse ] --END-- [ RunTime:0.001461s ]
INFO: [ view_filter ] --START--
INFO: Run Behavior\WriteHtmlCacheBehavior [ RunTime:0.000712s ]
INFO: [ view_filter ] --END-- [ RunTime:0.000725s ]
INFO: [ app_end ] --START--
INFO: Run Behavior\ShowPageTraceBehavior [ RunTime:0.001057s ]
INFO: [ app_end ] --END-- [ RunTime:0.001070s ]

[ 2017-12-06T11:29:16+08:00 ] 192.168.33.1 /index.php?m=Home&c=Index&a=index
INFO: [ app_init ] --START--
INFO: Run Behavior\BuildLiteBehavior [ RunTime:0.000007s ]
INFO: [ app_init ] --END-- [ RunTime:0.001008s ]
INFO: [ app_begin ] --START--
INFO: Run Behavior\ReadHtmlCacheBehavior [ RunTime:0.001691s ]
INFO: [ app_begin ] --END-- [ RunTime:0.001719s ]
INFO: [ view_parse ] --START--
INFO: Run Behavior\ParseTemplateBehavior [ RunTime:0.001669s ]
INFO: [ view_parse ] --END-- [ RunTime:0.001688s ]
INFO: [ view_filter ] --START--
INFO: Run Behavior\WriteHtmlCacheBehavior [ RunTime:0.001101s ]
INFO: [ view_filter ] --END-- [ RunTime:0.001117s ]
INFO: [ app_end ] --START--
INFO: Run Behavior\ShowPageTraceBehavior [ RunTime:0.001186s ]
INFO: [ app_end ] --END-- [ RunTime:0.001200s ]

[ 2017-12-06T16:01:34+08:00 ] 192.168.33.1 /index.php?m=Home&c=Index&a=index
INFO: [ app_init ] --START--
INFO: Run Behavior\BuildLiteBehavior [ RunTime:0.000008s ]
INFO: [ app_init ] --END-- [ RunTime:0.001024s ]
INFO: [ app_begin ] --START--
INFO: Run Behavior\ReadHtmlCacheBehavior [ RunTime:0.001548s ]
INFO: [ app_begin ] --END-- [ RunTime:0.001576s ]
INFO: [ view_parse ] --START--
INFO: Run Behavior\ParseTemplateBehavior [ RunTime:0.002358s ]
INFO: [ view_parse ] --END-- [ RunTime:0.002397s ]
INFO: [ view_filter ] --START--
INFO: Run Behavior\WriteHtmlCacheBehavior [ RunTime:0.001895s ]
INFO: [ view_filter ] --END-- [ RunTime:0.001936s ]
INFO: [ app_end ] --START--
INFO: Run Behavior\ShowPageTraceBehavior [ RunTime:0.002124s ]
INFO: [ app_end ] --END-- [ RunTime:0.002158s ]

[ 2017-12-06T16:07:22+08:00 ] 192.168.33.1 /index.php?m=Home&c=Index&a=index
INFO: [ app_init ] --START--
INFO: Run Behavior\BuildLiteBehavior [ RunTime:0.000009s ]
INFO: [ app_init ] --END-- [ RunTime:0.002278s ]
INFO: [ app_begin ] --START--
INFO: Run Behavior\ReadHtmlCacheBehavior [ RunTime:0.001612s ]
INFO: [ app_begin ] --END-- [ RunTime:0.001642s ]
INFO: [ view_parse ] --START--
INFO: Run Behavior\ParseTemplateBehavior [ RunTime:0.003098s ]
INFO: [ view_parse ] --END-- [ RunTime:0.003133s ]
INFO: [ view_filter ] --START--
INFO: Run Behavior\WriteHtmlCacheBehavior [ RunTime:0.001828s ]
INFO: [ view_filter ] --END-- [ RunTime:0.001856s ]
INFO: [ app_end ] --START--
INFO: Run Behavior\ShowPageTraceBehavior [ RunTime:0.001954s ]
INFO: [ app_end ] --END-- [ RunTime:0.001983s ]

[ 2017-12-06T16:18:19+08:00 ] 192.168.33.1 /index.php?m=Home&c=Index&a=index
INFO: [ app_init ] --START--
INFO: Run Behavior\BuildLiteBehavior [ RunTime:0.000009s ]
INFO: [ app_init ] --END-- [ RunTime:0.000827s ]
INFO: [ app_begin ] --START--
INFO: Run Behavior\ReadHtmlCacheBehavior [ RunTime:0.001290s ]
INFO: [ app_begin ] --END-- [ RunTime:0.001321s ]
INFO: [ view_parse ] --START--
INFO: Run Behavior\ParseTemplateBehavior [ RunTime:0.001904s ]
INFO: [ view_parse ] --END-- [ RunTime:0.001926s ]
INFO: [ view_filter ] --START--
INFO: Run Behavior\WriteHtmlCacheBehavior [ RunTime:0.002455s ]
INFO: [ view_filter ] --END-- [ RunTime:0.002472s ]
INFO: [ app_end ] --START--
INFO: Run Behavior\ShowPageTraceBehavior [ RunTime:0.001644s ]
INFO: [ app_end ] --END-- [ RunTime:0.001659s ]

